{"meta": {"format": 3, "version": "7.13.5", "timestamp": "2026-04-08T07:42:52.538036", "branch_coverage": false, "show_contexts": false}, "files": {"ai-agentic-embedded-base/tools/hw/schops/tests/test_rules_engine.py": {"executed_lines": [1, 2, 3, 6, 15, 16, 21, 27, 34], "summary": {"covered_lines": 9, "num_statements": 27, "percent_covered": 33.333333333333336, "percent_covered_display": "33", "missing_lines": 18, "excluded_lines": 0, "percent_statements_covered": 33.333333333333336, "percent_statements_covered_display": "33"}, "missing_lines": [7, 8, 9, 10, 11, 12, 17, 18, 19, 22, 23, 24, 25, 28, 29, 30, 31, 35], "excluded_lines": [], "functions": {"load_schops_module": {"executed_lines": [], "summary": {"covered_lines": 0, "num_statements": 6, "percent_covered": 0.0, "percent_covered_display": "0", "missing_lines": 6, "excluded_lines": 0, "percent_statements_covered": 0.0, "percent_statements_covered_display": "0"}, "missing_lines": [7, 8, 9, 10, 11, 12], "excluded_lines": [], "start_line": 6}, "TestRuleMatch.test_ref_prefix": {"executed_lines": [], "summary": {"covered_lines": 0, "num_statements": 3, "percent_covered": 0.0, "percent_covered_display": "0", "missing_lines": 3, "excluded_lines": 0, "percent_statements_covered": 0.0, "percent_statements_covered_display": "0"}, "missing_lines": [17, 18, 19], "excluded_lines": [], "start_line": 16}, "TestRuleMatch.test_lib_id_prefix": {"executed_lines": [], "summary": {"covered_lines": 0, "num_statements": 4, "percent_covered": 0.0, "percent_covered_display": "0", "missing_lines": 4, "excluded_lines": 0, "percent_statements_covered": 0.0, "percent_statements_covered_display": "0"}, "missing_lines": [22, 23, 24, 25], "excluded_lines": [], "start_line": 21}, "TestRuleMatch.test_value_regex": {"executed_lines": [], "summary": {"covered_lines": 0, "num_statements": 4, "percent_covered": 0.0, "percent_covered_display": "0", "missing_lines": 4, "excluded_lines": 0, "percent_statements_covered": 0.0, "percent_statements_covered_display": "0"}, "missing_lines": [28, 29, 30, 31], "excluded_lines": [], "start_line": 27}, "": {"executed_lines": [1, 2, 3, 6, 15, 16, 21, 27, 34], "summary": {"covered_lines": 9, "num_statements": 10, "percent_covered": 90.0, "percent_covered_display": "90", "missing_lines": 1, "excluded_lines": 0, "percent_statements_covered": 90.0, "percent_statements_covered_display": "90"}, "missing_lines": [35], "excluded_lines": [], "start_line": 1}}, "classes": {"TestRuleMatch": {"executed_lines": [], "summary": {"covered_lines": 0, "num_statements": 11, "percent_covered": 0.0, "percent_covered_display": "0", "missing_lines": 11, "excluded_lines": 0, "percent_statements_covered": 0.0, "percent_statements_covered_display": "0"}, "missing_lines": [17, 18, 19, 22, 23, 24, 25, 28, 29, 30, 31], "excluded_lines": [], "start_line": 15}, "": {"executed_lines": [1, 2, 3, 6, 15, 16, 21, 27, 34], "summary": {"covered_lines": 9, "num_statements": 16, "percent_covered": 56.25, "percent_covered_display": "56", "missing_lines": 7, "excluded_lines": 0, "percent_statements_covered": 56.25, "percent_statements_covered_display": "56"}, "missing_lines": [7, 8, 9, 10, 11, 12, 35], "excluded_lines": [], "start_line": 1}}}, "firmware/test/test_boot.py": {"executed_lines": [3, 7], "summary": {"covered_lines": 2, "num_statements": 5, "percent_covered": 40.0, "percent_covered_display": "40", "missing_lines": 3, "excluded_lines": 0, "percent_statements_covered": 40.0, "percent_statements_covered_display": "40"}, "missing_lines": [5, 8, 9], "excluded_lines": [], "functions": {"test_boot": {"executed_lines": [], "summary": {"covered_lines": 0, "num_statements": 1, "percent_covered": 0.0, "percent_covered_display": "0", "missing_lines": 1, "excluded_lines": 0, "percent_statements_covered": 0.0, "percent_statements_covered_display": "0"}, "missing_lines": [5], "excluded_lines": [], "start_line": 3}, "": {"executed_lines": [3, 7], "summary": {"covered_lines": 2, "num_statements": 4, "percent_covered": 50.0, "percent_covered_display": "50", "missing_lines": 2, "excluded_lines": 0, "percent_statements_covered": 50.0, "percent_statements_covered_display": "50"}, "missing_lines": [8, 9], "excluded_lines": [], "start_line": 1}}, "classes": {"": {"executed_lines": [3, 7], "summary": {"covered_lines": 2, "num_statements": 5, "percent_covered": 40.0, "percent_covered_display": "40", "missing_lines": 3, "excluded_lines": 0, "percent_statements_covered": 40.0, "percent_statements_covered_display": "40"}, "missing_lines": [5, 8, 9], "excluded_lines": [], "start_line": 1}}}, "kill_life/__init__.py": {"executed_lines": [3], "summary": {"covered_lines": 1, "num_statements": 1, "percent_covered": 100.0, "percent_covered_display": "100", "missing_lines": 0, "excluded_lines": 0, "percent_statements_covered": 100.0, "percent_statements_covered_display": "100"}, "missing_lines": [], "excluded_lines": [], "functions": {"": {"executed_lines": [3], "summary": {"covered_lines": 1, "num_statements": 1, "percent_covered": 100.0, "percent_covered_display": "100", "missing_lines": 0, "excluded_lines": 0, "percent_statements_covered": 100.0, "percent_statements_covered_display": "100"}, "missing_lines": [], "excluded_lines": [], "start_line": 1}}, "classes": {"": {"executed_lines": [3], "summary": {"covered_lines": 1, "num_statements": 1, "percent_covered": 100.0, "percent_covered_display": "100", "missing_lines": 0, "excluded_lines": 0, "percent_statements_covered": 100.0, "percent_statements_covered_display": "100"}, "missing_lines": [], "excluded_lines": [], "start_line": 1}}}, "kill_life/agent_catalog.py": {"executed_lines": [3, 5, 6, 7, 8, 10, 11, 14, 15, 16, 19, 20, 23, 24, 27, 31, 55, 60], "summary": {"covered_lines": 18, "num_statements": 28, "percent_covered": 64.28571428571429, "percent_covered_display": "64", "missing_lines": 10, "excluded_lines": 0, "percent_statements_covered": 64.28571428571429, "percent_statements_covered_display": "64"}, "missing_lines": [28, 32, 33, 34, 35, 36, 52, 56, 57, 61], "excluded_lines": [], "functions": {"load_agent_catalog": {"executed_lines": [16], "summary": {"covered_lines": 1, "num_statements": 1, "percent_covered": 100.0, "percent_covered_display": "100", "missing_lines": 0, "excluded_lines": 0, "percent_statements_covered": 100.0, "percent_statements_covered_display": "100"}, "missing_lines": [], "excluded_lines": [], "start_line": 15}, "canonical_agents": {"executed_lines": [20], "summary": {"covered_lines": 1, "num_statements": 1, "percent_covered": 100.0, "percent_covered_display": "100", "missing_lines": 0, "excluded_lines": 0, "percent_statements_covered": 100.0, "percent_statements_covered_display": "100"}, "missing_lines": [], "excluded_lines": [], "start_line": 19}, "canonical_agent_ids": {"executed_lines": [24], "summary": {"covered_lines": 1, "num_statements": 1, "percent_covered": 100.0, "percent_covered_display": "100", "missing_lines": 0, "excluded_lines": 0, "percent_statements_covered": 100.0, "percent_statements_covered_display": "100"}, "missing_lines": [], "excluded_lines": [], "start_line": 23}, "canonical_agents_by_id": {"executed_lines": [], "summary": {"covered_lines": 0, "num_statements": 1, "percent_covered": 0.0, "percent_covered_display": "0", "missing_lines": 1, "excluded_lines": 0, "percent_statements_covered": 0.0, "percent_statements_covered_display": "0"}, "missing_lines": [28], "excluded_lines": [], "start_line": 27}, "canonical_agents_for_api": {"executed_lines": [], "summary": {"covered_lines": 0, "num_statements": 6, "percent_covered": 0.0, "percent_covered_display": "0", "missing_lines": 6, "excluded_lines": 0, "percent_statements_covered": 0.0, "percent_statements_covered_display": "0"}, "missing_lines": [32, 33, 34, 35, 36, 52], "excluded_lines": [], "start_line": 31}, "legacy_runtime_aliases": {"executed_lines": [], "summary": {"covered_lines": 0, "num_statements": 2, "percent_covered": 0.0, "percent_covered_display": "0", "missing_lines": 2, "excluded_lines": 0, "percent_statements_covered": 0.0, "percent_statements_covered_display": "0"}, "missing_lines": [56, 57], "excluded_lines": [], "start_line": 55}, "legacy_runtime_mapping": {"executed_lines": [], "summary": {"covered_lines": 0, "num_statements": 1, "percent_covered": 0.0, "percent_covered_display": "0", "missing_lines": 1, "excluded_lines": 0, "percent_statements_covered": 0.0, "percent_statements_covered_display": "0"}, "missing_lines": [61], "excluded_lines": [], "start_line": 60}, "": {"executed_lines": [3, 5, 6, 7, 8, 10, 11, 14, 15, 19, 23, 27, 31, 55, 60], "summary": {"covered_lines": 15, "num_statements": 15, "percent_covered": 100.0, "percent_covered_display": "100", "missing_lines": 0, "excluded_lines": 0, "percent_statements_covered": 100.0, "percent_statements_covered_display": "100"}, "missing_lines": [], "excluded_lines": [], "start_line": 1}}, "classes": {"": {"executed_lines": [3, 5, 6, 7, 8, 10, 11, 14, 15, 16, 19, 20, 23, 24, 27, 31, 55, 60], "summary": {"covered_lines": 18, "num_statements": 28, "percent_covered": 64.28571428571429, "percent_covered_display": "64", "missing_lines": 10, "excluded_lines": 0, "percent_statements_covered": 64.28571428571429, "percent_statements_covered_display": "64"}, "missing_lines": [28, 32, 33, 34, 35, 36, 52, 56, 57, 61], "excluded_lines": [], "start_line": 1}}}, "kill_life/test/test_hello_world.py": {"executed_lines": [1, 3, 4, 7], "summary": {"covered_lines": 4, "num_statements": 6, "percent_covered": 66.66666666666667, "percent_covered_display": "67", "missing_lines": 2, "excluded_lines": 0, "percent_statements_covered": 66.66666666666667, "percent_statements_covered_display": "67"}, "missing_lines": [5, 8], "excluded_lines": [], "functions": {"TestHelloWorld.test_addition": {"executed_lines": [], "summary": {"covered_lines": 0, "num_statements": 1, "percent_covered": 0.0, "percent_covered_display": "0", "missing_lines": 1, "excluded_lines": 0, "percent_statements_covered": 0.0, "percent_statements_covered_display": "0"}, "missing_lines": [5], "excluded_lines": [], "start_line": 4}, "": {"executed_lines": [1, 3, 4, 7], "summary": {"covered_lines": 4, "num_statements": 5, "percent_covered": 80.0, "percent_covered_display": "80", "missing_lines": 1, "excluded_lines": 0, "percent_statements_covered": 80.0, "percent_statements_covered_display": "80"}, "missing_lines": [8], "excluded_lines": [], "start_line": 1}}, "classes": {"TestHelloWorld": {"executed_lines": [], "summary": {"covered_lines": 0, "num_statements": 1, "percent_covered": 0.0, "percent_covered_display": "0", "missing_lines": 1, "excluded_lines": 0, "percent_statements_covered": 0.0, "percent_statements_covered_display": "0"}, "missing_lines": [5], "excluded_lines": [], "start_line": 3}, "": {"executed_lines": [1, 3, 4, 7], "summary": {"covered_lines": 4, "num_statements": 5, "percent_covered": 80.0, "percent_covered_display": "80", "missing_lines": 1, "excluded_lines": 0, "percent_statements_covered": 80.0, "percent_statements_covered_display": "80"}, "missing_lines": [8], "excluded_lines": [], "start_line": 1}}}, "kill_life/yiacad_action_registry.py": {"executed_lines": [3, 5, 6, 7, 8, 10, 11, 12, 36, 37, 41, 45, 49, 56, 60, 64, 72], "summary": {"covered_lines": 17, "num_statements": 31, "percent_covered": 54.83870967741935, "percent_covered_display": "55", "missing_lines": 14, "excluded_lines": 2, "percent_statements_covered": 54.83870967741935, "percent_statements_covered_display": "55"}, "missing_lines": [38, 42, 46, 50, 51, 57, 61, 65, 73, 74, 75, 76, 77, 78], "excluded_lines": [52, 53], "functions": {"load_yiacad_action_registry": {"executed_lines": [], "summary": {"covered_lines": 0, "num_statements": 1, "percent_covered": 0.0, "percent_covered_display": "0", "missing_lines": 1, "excluded_lines": 0, "percent_statements_covered": 0.0, "percent_statements_covered_display": "0"}, "missing_lines": [38], "excluded_lines": [], "start_line": 37}, "yiacad_actions": {"executed_lines": [], "summary": {"covered_lines": 0, "num_statements": 1, "percent_covered": 0.0, "percent_covered_display": "0", "missing_lines": 1, "excluded_lines": 0, "percent_statements_covered": 0.0, "percent_statements_covered_display": "0"}, "missing_lines": [42], "excluded_lines": [], "start_line": 41}, "yiacad_actions_by_command": {"executed_lines": [], "summary": {"covered_lines": 0, "num_statements": 1, "percent_covered": 0.0, "percent_covered_display": "0", "missing_lines": 1, "excluded_lines": 0, "percent_statements_covered": 0.0, "percent_statements_covered_display": "0"}, "missing_lines": [46], "excluded_lines": [], "start_line": 45}, "get_yiacad_action": {"executed_lines": [], "summary": {"covered_lines": 0, "num_statements": 2, "percent_covered": 0.0, "percent_covered_display": "0", "missing_lines": 2, "excluded_lines": 2, "percent_statements_covered": 0.0, "percent_statements_covered_display": "0"}, "missing_lines": [50, 51], "excluded_lines": [52, 53], "start_line": 49}, "yiacad_action_id": {"executed_lines": [], "summary": {"covered_lines": 0, "num_statements": 1, "percent_covered": 0.0, "percent_covered_display": "0", "missing_lines": 1, "excluded_lines": 0, "percent_statements_covered": 0.0, "percent_statements_covered_display": "0"}, "missing_lines": [57], "excluded_lines": [], "start_line": 56}, "yiacad_action_inputs": {"executed_lines": [], "summary": {"covered_lines": 0, "num_statements": 1, "percent_covered": 0.0, "percent_covered_display": "0", "missing_lines": 1, "excluded_lines": 0, "percent_statements_covered": 0.0, "percent_statements_covered_display": "0"}, "missing_lines": [61], "excluded_lines": [], "start_line": 60}, "yiacad_actions_for_surface": {"executed_lines": [], "summary": {"covered_lines": 0, "num_statements": 1, "percent_covered": 0.0, "percent_covered_display": "0", "missing_lines": 1, "excluded_lines": 0, "percent_statements_covered": 0.0, "percent_statements_covered_display": "0"}, "missing_lines": [65], "excluded_lines": [], "start_line": 64}, "yiacad_command_for_alias": {"executed_lines": [], "summary": {"covered_lines": 0, "num_statements": 6, "percent_covered": 0.0, "percent_covered_display": "0", "missing_lines": 6, "excluded_lines": 0, "percent_statements_covered": 0.0, "percent_statements_covered_display": "0"}, "missing_lines": [73, 74, 75, 76, 77, 78], "excluded_lines": [], "start_line": 72}, "": {"executed_lines": [3, 5, 6, 7, 8, 10, 11, 12, 36, 37, 41, 45, 49, 56, 60, 64, 72], "summary": {"covered_lines": 17, "num_statements": 17, "percent_covered": 100.0, "percent_covered_display": "100", "missing_lines": 0, "excluded_lines": 0, "percent_statements_covered": 100.0, "percent_statements_covered_display": "100"}, "missing_lines": [], "excluded_lines": [], "start_line": 1}}, "classes": {"": {"executed_lines": [3, 5, 6, 7, 8, 10, 11, 12, 36, 37, 41, 45, 49, 56, 60, 64, 72], "summary": {"covered_lines": 17, "num_statements": 31, "percent_covered": 54.83870967741935, "percent_covered_display": "55", "missing_lines": 14, "excluded_lines": 2, "percent_statements_covered": 54.83870967741935, "percent_statements_covered_display": "55"}, "missing_lines": [38, 42, 46, 50, 51, 57, 61, 65, 73, 74, 75, 76, 77, 78], "excluded_lines": [52, 53], "start_line": 1}}}, "openclaw/onboarding/test_openclaw_actions.py": {"executed_lines": [5, 6, 8, 9, 11, 18, 26, 33], "summary": {"covered_lines": 8, "num_statements": 27, "percent_covered": 29.62962962962963, "percent_covered_display": "30", "missing_lines": 19, "excluded_lines": 0, "percent_statements_covered": 29.62962962962963, "percent_statements_covered_display": "30"}, "missing_lines": [12, 13, 14, 15, 16, 19, 20, 21, 22, 23, 24, 27, 28, 29, 30, 31, 34, 35, 36], "excluded_lines": [], "functions": {"test_label_addition": {"executed_lines": [], "summary": {"covered_lines": 0, "num_statements": 5, "percent_covered": 0.0, "percent_covered_display": "0", "missing_lines": 5, "excluded_lines": 0, "percent_statements_covered": 0.0, "percent_statements_covered_display": "0"}, "missing_lines": [12, 13, 14, 15, 16], "excluded_lines": [], "start_line": 11}, "test_comment_sanitization": {"executed_lines": [], "summary": {"covered_lines": 0, "num_statements": 6, "percent_covered": 0.0, "percent_covered_display": "0", "missing_lines": 6, "excluded_lines": 0, "percent_statements_covered": 0.0, "percent_statements_covered_display": "0"}, "missing_lines": [19, 20, 21, 22, 23, 24], "excluded_lines": [], "start_line": 18}, "test_no_secret_leak": {"executed_lines": [], "summary": {"covered_lines": 0, "num_statements": 5, "percent_covered": 0.0, "percent_covered_display": "0", "missing_lines": 5, "excluded_lines": 0, "percent_statements_covered": 0.0, "percent_statements_covered_display": "0"}, "missing_lines": [27, 28, 29, 30, 31], "excluded_lines": [], "start_line": 26}, "": {"executed_lines": [5, 6, 8, 9, 11, 18, 26, 33], "summary": {"covered_lines": 8, "num_statements": 11, "percent_covered": 72.72727272727273, "percent_covered_display": "73", "missing_lines": 3, "excluded_lines": 0, "percent_statements_covered": 72.72727272727273, "percent_statements_covered_display": "73"}, "missing_lines": [34, 35, 36], "excluded_lines": [], "start_line": 1}}, "classes": {"": {"executed_lines": [5, 6, 8, 9, 11, 18, 26, 33], "summary": {"covered_lines": 8, "num_statements": 27, "percent_covered": 29.62962962962963, "percent_covered_display": "30", "missing_lines": 19, "excluded_lines": 0, "percent_statements_covered": 29.62962962962963, "percent_statements_covered_display": "30"}, "missing_lines": [12, 13, 14, 15, 16, 19, 20, 21, 22, 23, 24, 27, 28, 29, 30, 31, 34, 35, 36], "excluded_lines": [], "start_line": 1}}}, "test/test_agent_catalog_validator.py": {"executed_lines": [2, 4, 5, 6, 7, 8, 9, 10, 13, 14, 15, 18, 19, 20, 21, 22, 23, 24, 27, 28, 31, 32, 65, 71, 83, 95, 108, 123, 138, 169], "summary": {"covered_lines": 30, "num_statements": 107, "percent_covered": 28.037383177570092, "percent_covered_display": "28", "missing_lines": 77, "excluded_lines": 0, "percent_statements_covered": 28.037383177570092, "percent_statements_covered_display": "28"}, "missing_lines": [33, 34, 36, 46, 47, 48, 49, 51, 52, 58, 59, 60, 61, 63, 66, 72, 73, 74, 75, 77, 79, 80, 81, 84, 85, 86, 87, 89, 91, 92, 93, 96, 97, 98, 99, 100, 102, 104, 105, 106, 109, 110, 111, 112, 113, 115, 117, 118, 119, 124, 125, 126, 127, 128, 129, 130, 132, 134, 135, 136, 139, 140, 141, 142, 143, 144, 155, 156, 157, 159, 161, 162, 163, 164, 165, 166, 170], "excluded_lines": [], "functions": {"load_validator": {"executed_lines": [19, 20, 21, 22, 23, 24], "summary": {"covered_lines": 6, "num_statements": 6, "percent_covered": 100.0, "percent_covered_display": "100", "missing_lines": 0, "excluded_lines": 0, "percent_statements_covered": 100.0, "percent_statements_covered_display": "100"}, "missing_lines": [], "excluded_lines": [], "start_line": 18}, "AgentCatalogValidatorTests.build_temp_repo": {"executed_lines": [], "summary": {"covered_lines": 0, "num_statements": 14, "percent_covered": 0.0, "percent_covered_display": "0", "missing_lines": 14, "excluded_lines": 0, "percent_statements_covered": 0.0, "percent_statements_covered_display": "0"}, "missing_lines": [33, 34, 36, 46, 47, 48, 49, 51, 52, 58, 59, 60, 61, 63], "excluded_lines": [], "start_line": 32}, "AgentCatalogValidatorTests.validate_temp_repo": {"executed_lines": [], "summary": {"covered_lines": 0, "num_statements": 1, "percent_covered": 0.0, "percent_covered_display": "0", "missing_lines": 1, "excluded_lines": 0, "percent_statements_covered": 0.0, "percent_statements_covered_display": "0"}, "missing_lines": [66], "excluded_lines": [], "start_line": 65}, "AgentCatalogValidatorTests.test_missing_prompt_is_reported": {"executed_lines": [], "summary": {"covered_lines": 0, "num_statements": 8, "percent_covered": 0.0, "percent_covered_display": "0", "missing_lines": 8, "excluded_lines": 0, "percent_statements_covered": 0.0, "percent_statements_covered_display": "0"}, "missing_lines": [72, 73, 74, 75, 77, 79, 80, 81], "excluded_lines": [], "start_line": 71}, "AgentCatalogValidatorTests.test_missing_agent_doc_is_reported": {"executed_lines": [], "summary": {"covered_lines": 0, "num_statements": 8, "percent_covered": 0.0, "percent_covered_display": "0", "missing_lines": 8, "excluded_lines": 0, "percent_statements_covered": 0.0, "percent_statements_covered_display": "0"}, "missing_lines": [84, 85, 86, 87, 89, 91, 92, 93], "excluded_lines": [], "start_line": 83}, "AgentCatalogValidatorTests.test_readme_drift_is_reported": {"executed_lines": [], "summary": {"covered_lines": 0, "num_statements": 9, "percent_covered": 0.0, "percent_covered_display": "0", "missing_lines": 9, "excluded_lines": 0, "percent_statements_covered": 0.0, "percent_statements_covered_display": "0"}, "missing_lines": [96, 97, 98, 99, 100, 102, 104, 105, 106], "excluded_lines": [], "start_line": 95}, "AgentCatalogValidatorTests.test_matrix_drift_is_reported": {"executed_lines": [], "summary": {"covered_lines": 0, "num_statements": 9, "percent_covered": 0.0, "percent_covered_display": "0", "missing_lines": 9, "excluded_lines": 0, "percent_statements_covered": 0.0, "percent_statements_covered_display": "0"}, "missing_lines": [109, 110, 111, 112, 113, 115, 117, 118, 119], "excluded_lines": [], "start_line": 108}, "AgentCatalogValidatorTests.test_invalid_owner_agent_is_reported": {"executed_lines": [], "summary": {"covered_lines": 0, "num_statements": 11, "percent_covered": 0.0, "percent_covered_display": "0", "missing_lines": 11, "excluded_lines": 0, "percent_statements_covered": 0.0, "percent_statements_covered_display": "0"}, "missing_lines": [124, 125, 126, 127, 128, 129, 130, 132, 134, 135, 136], "excluded_lines": [], "start_line": 123}, "AgentCatalogValidatorTests.test_new_catalog_agent_requires_matching_files": {"executed_lines": [], "summary": {"covered_lines": 0, "num_statements": 16, "percent_covered": 0.0, "percent_covered_display": "0", "missing_lines": 16, "excluded_lines": 0, "percent_statements_covered": 0.0, "percent_statements_covered_display": "0"}, "missing_lines": [139, 140, 141, 142, 143, 144, 155, 156, 157, 159, 161, 162, 163, 164, 165, 166], "excluded_lines": [], "start_line": 138}, "": {"executed_lines": [2, 4, 5, 6, 7, 8, 9, 10, 13, 14, 15, 18, 27, 28, 31, 32, 65, 71, 83, 95, 108, 123, 138, 169], "summary": {"covered_lines": 24, "num_statements": 25, "percent_covered": 96.0, "percent_covered_display": "96", "missing_lines": 1, "excluded_lines": 0, "percent_statements_covered": 96.0, "percent_statements_covered_display": "96"}, "missing_lines": [170], "excluded_lines": [], "start_line": 1}}, "classes": {"AgentCatalogValidatorTests": {"executed_lines": [], "summary": {"covered_lines": 0, "num_statements": 76, "percent_covered": 0.0, "percent_covered_display": "0", "missing_lines": 76, "excluded_lines": 0, "percent_statements_covered": 0.0, "percent_statements_covered_display": "0"}, "missing_lines": [33, 34, 36, 46, 47, 48, 49, 51, 52, 58, 59, 60, 61, 63, 66, 72, 73, 74, 75, 77, 79, 80, 81, 84, 85, 86, 87, 89, 91, 92, 93, 96, 97, 98, 99, 100, 102, 104, 105, 106, 109, 110, 111, 112, 113, 115, 117, 118, 119, 124, 125, 126, 127, 128, 129, 130, 132, 134, 135, 136, 139, 140, 141, 142, 143, 144, 155, 156, 157, 159, 161, 162, 163, 164, 165, 166], "excluded_lines": [], "start_line": 31}, "": {"executed_lines": [2, 4, 5, 6, 7, 8, 9, 10, 13, 14, 15, 18, 19, 20, 21, 22, 23, 24, 27, 28, 31, 32, 65, 71, 83, 95, 108, 123, 138, 169], "summary": {"covered_lines": 30, "num_statements": 31, "percent_covered": 96.7741935483871, "percent_covered_display": "97", "missing_lines": 1, "excluded_lines": 0, "percent_statements_covered": 96.7741935483871, "percent_statements_covered_display": "97"}, "missing_lines": [170], "excluded_lines": [], "start_line": 1}}}, "test/test_apply_safe_patch.py": {"executed_lines": [2, 4, 5, 6, 7, 8, 9, 11, 12, 15, 16, 46, 76], "summary": {"covered_lines": 13, "num_statements": 31, "percent_covered": 41.935483870967744, "percent_covered_display": "42", "missing_lines": 18, "excluded_lines": 0, "percent_statements_covered": 41.935483870967744, "percent_statements_covered_display": "42"}, "missing_lines": [17, 18, 19, 20, 21, 22, 37, 43, 44, 47, 48, 49, 50, 51, 66, 72, 73, 77], "excluded_lines": [], "functions": {"ApplySafePatchTests.test_rejects_path_traversal": {"executed_lines": [], "summary": {"covered_lines": 0, "num_statements": 9, "percent_covered": 0.0, "percent_covered_display": "0", "missing_lines": 9, "excluded_lines": 0, "percent_statements_covered": 0.0, "percent_statements_covered_display": "0"}, "missing_lines": [17, 18, 19, 20, 21, 22, 37, 43, 44], "excluded_lines": [], "start_line": 16}, "ApplySafePatchTests.test_applies_in_scope_edit": {"executed_lines": [], "summary": {"covered_lines": 0, "num_statements": 8, "percent_covered": 0.0, "percent_covered_display": "0", "missing_lines": 8, "excluded_lines": 0, "percent_statements_covered": 0.0, "percent_statements_covered_display": "0"}, "missing_lines": [47, 48, 49, 50, 51, 66, 72, 73], "excluded_lines": [], "start_line": 46}, "": {"executed_lines": [2, 4, 5, 6, 7, 8, 9, 11, 12, 15, 16, 46, 76], "summary": {"covered_lines": 13, "num_statements": 14, "percent_covered": 92.85714285714286, "percent_covered_display": "93", "missing_lines": 1, "excluded_lines": 0, "percent_statements_covered": 92.85714285714286, "percent_statements_covered_display": "93"}, "missing_lines": [77], "excluded_lines": [], "start_line": 1}}, "classes": {"ApplySafePatchTests": {"executed_lines": [], "summary": {"covered_lines": 0, "num_statements": 17, "percent_covered": 0.0, "percent_covered_display": "0", "missing_lines": 17, "excluded_lines": 0, "percent_statements_covered": 0.0, "percent_statements_covered_display": "0"}, "missing_lines": [17, 18, 19, 20, 21, 22, 37, 43, 44, 47, 48, 49, 50, 51, 66, 72, 73], "excluded_lines": [], "start_line": 15}, "": {"executed_lines": [2, 4, 5, 6, 7, 8, 9, 11, 12, 15, 16, 46, 76], "summary": {"covered_lines": 13, "num_statements": 14, "percent_covered": 92.85714285714286, "percent_covered_display": "93", "missing_lines": 1, "excluded_lines": 0, "percent_statements_covered": 92.85714285714286, "percent_statements_covered_display": "93"}, "missing_lines": [77], "excluded_lines": [], "start_line": 1}}}, "test/test_auto_check_ci_cd.py": {"executed_lines": [2, 4, 5, 6, 7, 8, 10, 13, 14, 35, 55, 79, 119, 149, 164, 176, 197, 214, 219, 227, 244, 264], "summary": {"covered_lines": 22, "num_statements": 103, "percent_covered": 21.359223300970875, "percent_covered_display": "21", "missing_lines": 81, "excluded_lines": 0, "percent_statements_covered": 21.359223300970875, "percent_statements_covered_display": "21"}, "missing_lines": [15, 33, 36, 53, 56, 57, 77, 80, 120, 125, 126, 127, 128, 129, 130, 131, 132, 133, 137, 141, 142, 143, 144, 145, 146, 147, 150, 151, 152, 153, 155, 160, 161, 162, 165, 170, 171, 177, 178, 179, 180, 181, 188, 189, 191, 192, 193, 194, 195, 198, 199, 200, 201, 206, 208, 209, 210, 211, 212, 215, 216, 217, 220, 224, 225, 228, 233, 234, 235, 236, 237, 238, 239, 245, 250, 251, 252, 259, 260, 261, 265], "excluded_lines": [], "functions": {"AutoCheckCiCdTests.sample_evidence_summary": {"executed_lines": [], "summary": {"covered_lines": 0, "num_statements": 2, "percent_covered": 0.0, "percent_covered_display": "0", "missing_lines": 2, "excluded_lines": 0, "percent_statements_covered": 0.0, "percent_statements_covered_display": "0"}, "missing_lines": [15, 33], "excluded_lines": [], "start_line": 14}, "AutoCheckCiCdTests.sample_drift_evidence_summary": {"executed_lines": [], "summary": {"covered_lines": 0, "num_statements": 2, "percent_covered": 0.0, "percent_covered_display": "0", "missing_lines": 2, "excluded_lines": 0, "percent_statements_covered": 0.0, "percent_statements_covered_display": "0"}, "missing_lines": [36, 53], "excluded_lines": [], "start_line": 35}, "AutoCheckCiCdTests.sample_drift_report": {"executed_lines": [], "summary": {"covered_lines": 0, "num_statements": 3, "percent_covered": 0.0, "percent_covered_display": "0", "missing_lines": 3, "excluded_lines": 0, "percent_statements_covered": 0.0, "percent_statements_covered_display": "0"}, "missing_lines": [56, 57, 77], "excluded_lines": [], "start_line": 55}, "AutoCheckCiCdTests.sample_report": {"executed_lines": [], "summary": {"covered_lines": 0, "num_statements": 1, "percent_covered": 0.0, "percent_covered_display": "0", "missing_lines": 1, "excluded_lines": 0, "percent_statements_covered": 0.0, "percent_statements_covered_display": "0"}, "missing_lines": [80], "excluded_lines": [], "start_line": 79}, "AutoCheckCiCdTests.test_render_markdown_summary_contains_lane_table_and_step_details": {"executed_lines": [], "summary": {"covered_lines": 0, "num_statements": 18, "percent_covered": 0.0, "percent_covered_display": "0", "missing_lines": 18, "excluded_lines": 0, "percent_statements_covered": 0.0, "percent_statements_covered_display": "0"}, "missing_lines": [120, 125, 126, 127, 128, 129, 130, 131, 132, 133, 137, 141, 142, 143, 144, 145, 146, 147], "excluded_lines": [], "start_line": 119}, "AutoCheckCiCdTests.test_render_markdown_summary_omits_focus_failures_when_all_green": {"executed_lines": [], "summary": {"covered_lines": 0, "num_statements": 8, "percent_covered": 0.0, "percent_covered_display": "0", "missing_lines": 8, "excluded_lines": 0, "percent_statements_covered": 0.0, "percent_statements_covered_display": "0"}, "missing_lines": [150, 151, 152, 153, 155, 160, 161, 162], "excluded_lines": [], "start_line": 149}, "AutoCheckCiCdTests.test_render_markdown_summary_marks_verify_drift_when_summary_still_ok": {"executed_lines": [], "summary": {"covered_lines": 0, "num_statements": 3, "percent_covered": 0.0, "percent_covered_display": "0", "missing_lines": 3, "excluded_lines": 0, "percent_statements_covered": 0.0, "percent_statements_covered_display": "0"}, "missing_lines": [165, 170, 171], "excluded_lines": [], "start_line": 164}, "AutoCheckCiCdTests.test_write_step_summary_writes_markdown_when_env_is_set": {"executed_lines": [], "summary": {"covered_lines": 0, "num_statements": 12, "percent_covered": 0.0, "percent_covered_display": "0", "missing_lines": 12, "excluded_lines": 0, "percent_statements_covered": 0.0, "percent_statements_covered_display": "0"}, "missing_lines": [177, 178, 179, 180, 181, 188, 189, 191, 192, 193, 194, 195], "excluded_lines": [], "start_line": 176}, "AutoCheckCiCdTests.test_write_markdown_report_writes_sidecar_in_docs_evidence": {"executed_lines": [], "summary": {"covered_lines": 0, "num_statements": 10, "percent_covered": 0.0, "percent_covered_display": "0", "missing_lines": 10, "excluded_lines": 0, "percent_statements_covered": 0.0, "percent_statements_covered_display": "0"}, "missing_lines": [198, 199, 200, 201, 206, 208, 209, 210, 211, 212], "excluded_lines": [], "start_line": 197}, "AutoCheckCiCdTests.test_compact_repo_paths_keeps_markdown_repo_relative": {"executed_lines": [], "summary": {"covered_lines": 0, "num_statements": 3, "percent_covered": 0.0, "percent_covered_display": "0", "missing_lines": 3, "excluded_lines": 0, "percent_statements_covered": 0.0, "percent_statements_covered_display": "0"}, "missing_lines": [215, 216, 217], "excluded_lines": [], "start_line": 214}, "AutoCheckCiCdTests.test_markdown_signal_compacts_artifact_lists": {"executed_lines": [], "summary": {"covered_lines": 0, "num_statements": 3, "percent_covered": 0.0, "percent_covered_display": "0", "missing_lines": 3, "excluded_lines": 0, "percent_statements_covered": 0.0, "percent_statements_covered_display": "0"}, "missing_lines": [220, 224, 225], "excluded_lines": [], "start_line": 219}, "AutoCheckCiCdTests.test_artifact_summary_rows_extract_counts_and_samples": {"executed_lines": [], "summary": {"covered_lines": 0, "num_statements": 8, "percent_covered": 0.0, "percent_covered_display": "0", "missing_lines": 8, "excluded_lines": 0, "percent_statements_covered": 0.0, "percent_statements_covered_display": "0"}, "missing_lines": [228, 233, 234, 235, 236, 237, 238, 239], "excluded_lines": [], "start_line": 227}, "AutoCheckCiCdTests.test_artifact_summary_rows_marks_drift_when_verify_fails_after_ok_summary": {"executed_lines": [], "summary": {"covered_lines": 0, "num_statements": 7, "percent_covered": 0.0, "percent_covered_display": "0", "missing_lines": 7, "excluded_lines": 0, "percent_statements_covered": 0.0, "percent_statements_covered_display": "0"}, "missing_lines": [245, 250, 251, 252, 259, 260, 261], "excluded_lines": [], "start_line": 244}, "": {"executed_lines": [2, 4, 5, 6, 7, 8, 10, 13, 14, 35, 55, 79, 119, 149, 164, 176, 197, 214, 219, 227, 244, 264], "summary": {"covered_lines": 22, "num_statements": 23, "percent_covered": 95.65217391304348, "percent_covered_display": "96", "missing_lines": 1, "excluded_lines": 0, "percent_statements_covered": 95.65217391304348, "percent_statements_covered_display": "96"}, "missing_lines": [265], "excluded_lines": [], "start_line": 1}}, "classes": {"AutoCheckCiCdTests": {"executed_lines": [], "summary": {"covered_lines": 0, "num_statements": 80, "percent_covered": 0.0, "percent_covered_display": "0", "missing_lines": 80, "excluded_lines": 0, "percent_statements_covered": 0.0, "percent_statements_covered_display": "0"}, "missing_lines": [15, 33, 36, 53, 56, 57, 77, 80, 120, 125, 126, 127, 128, 129, 130, 131, 132, 133, 137, 141, 142, 143, 144, 145, 146, 147, 150, 151, 152, 153, 155, 160, 161, 162, 165, 170, 171, 177, 178, 179, 180, 181, 188, 189, 191, 192, 193, 194, 195, 198, 199, 200, 201, 206, 208, 209, 210, 211, 212, 215, 216, 217, 220, 224, 225, 228, 233, 234, 235, 236, 237, 238, 239, 245, 250, 251, 252, 259, 260, 261], "excluded_lines": [], "start_line": 13}, "": {"executed_lines": [2, 4, 5, 6, 7, 8, 10, 13, 14, 35, 55, 79, 119, 149, 164, 176, 197, 214, 219, 227, 244, 264], "summary": {"covered_lines": 22, "num_statements": 23, "percent_covered": 95.65217391304348, "percent_covered_display": "96", "missing_lines": 1, "excluded_lines": 0, "percent_statements_covered": 95.65217391304348, "percent_statements_covered_display": "96"}, "missing_lines": [265], "excluded_lines": [], "start_line": 1}}}, "test/test_autonomous_next_lots_catalog.py": {"executed_lines": [2, 4, 5, 6, 7, 9, 12, 13, 14, 17, 18, 19, 20, 21, 22, 23, 26, 29, 30, 37], "summary": {"covered_lines": 20, "num_statements": 25, "percent_covered": 80.0, "percent_covered_display": "80", "missing_lines": 5, "excluded_lines": 0, "percent_statements_covered": 80.0, "percent_statements_covered_display": "80"}, "missing_lines": [31, 32, 33, 34, 38], "excluded_lines": [], "functions": {"load_module": {"executed_lines": [18, 19, 20, 21, 22, 23], "summary": {"covered_lines": 6, "num_statements": 6, "percent_covered": 100.0, "percent_covered_display": "100", "missing_lines": 0, "excluded_lines": 0, "percent_statements_covered": 100.0, "percent_statements_covered_display": "100"}, "missing_lines": [], "excluded_lines": [], "start_line": 17}, "AutonomousNextLotsCatalogTests.test_all_declared_lot_owners_are_canonical": {"executed_lines": [], "summary": {"covered_lines": 0, "num_statements": 4, "percent_covered": 0.0, "percent_covered_display": "0", "missing_lines": 4, "excluded_lines": 0, "percent_statements_covered": 0.0, "percent_statements_covered_display": "0"}, "missing_lines": [31, 32, 33, 34], "excluded_lines": [], "start_line": 30}, "": {"executed_lines": [2, 4, 5, 6, 7, 9, 12, 13, 14, 17, 26, 29, 30, 37], "summary": {"covered_lines": 14, "num_statements": 15, "percent_covered": 93.33333333333333, "percent_covered_display": "93", "missing_lines": 1, "excluded_lines": 0, "percent_statements_covered": 93.33333333333333, "percent_statements_covered_display": "93"}, "missing_lines": [38], "excluded_lines": [], "start_line": 1}}, "classes": {"AutonomousNextLotsCatalogTests": {"executed_lines": [], "summary": {"covered_lines": 0, "num_statements": 4, "percent_covered": 0.0, "percent_covered_display": "0", "missing_lines": 4, "excluded_lines": 0, "percent_statements_covered": 0.0, "percent_statements_covered_display": "0"}, "missing_lines": [31, 32, 33, 34], "excluded_lines": [], "start_line": 29}, "": {"executed_lines": [2, 4, 5, 6, 7, 9, 12, 13, 14, 17, 18, 19, 20, 21, 22, 23, 26, 29, 30, 37], "summary": {"covered_lines": 20, "num_statements": 21, "percent_covered": 95.23809523809524, "percent_covered_display": "95", "missing_lines": 1, "excluded_lines": 0, "percent_statements_covered": 95.23809523809524, "percent_statements_covered_display": "95"}, "missing_lines": [38], "excluded_lines": [], "start_line": 1}}}, "test/test_eda_integration.py": {"executed_lines": [17, 18, 19, 20, 21, 22, 23, 24, 25, 28, 30, 31, 53, 110, 158, 161, 162, 179, 186, 200, 215, 231, 253, 266, 282, 312, 315, 323, 355, 367, 380, 404, 407, 427, 438, 448, 456, 463, 471, 479, 487, 492, 501, 512, 525], "summary": {"covered_lines": 45, "num_statements": 230, "percent_covered": 19.565217391304348, "percent_covered_display": "20", "missing_lines": 185, "excluded_lines": 0, "percent_statements_covered": 19.565217391304348, "percent_statements_covered_display": "20"}, "missing_lines": [114, 116, 118, 124, 125, 126, 127, 129, 130, 131, 132, 134, 135, 137, 138, 140, 148, 149, 153, 154, 155, 164, 165, 166, 169, 170, 173, 174, 175, 181, 182, 184, 188, 189, 191, 194, 195, 196, 202, 203, 204, 205, 207, 209, 217, 218, 219, 220, 222, 224, 233, 234, 235, 236, 238, 241, 242, 243, 244, 247, 248, 249, 250, 251, 255, 256, 257, 258, 260, 263, 264, 268, 269, 270, 271, 273, 274, 277, 278, 285, 286, 289, 290, 291, 292, 295, 296, 299, 302, 303, 304, 305, 308, 309, 317, 318, 319, 320, 321, 326, 327, 328, 340, 341, 342, 344, 346, 347, 348, 349, 350, 351, 352, 353, 357, 358, 359, 360, 362, 363, 364, 365, 369, 370, 371, 374, 376, 377, 378, 382, 383, 384, 393, 394, 395, 397, 399, 400, 401, 409, 419, 420, 421, 422, 424, 425, 429, 433, 434, 435, 436, 440, 444, 445, 446, 450, 454, 458, 459, 460, 461, 465, 469, 473, 477, 481, 485, 489, 490, 494, 498, 499, 503, 504, 505, 506, 507, 508, 509, 510, 514, 520, 521, 522, 526], "excluded_lines": [], "functions": {"kicad_sch_to_csv": {"executed_lines": [], "summary": {"covered_lines": 0, "num_statements": 21, "percent_covered": 0.0, "percent_covered_display": "0", "missing_lines": 21, "excluded_lines": 0, "percent_statements_covered": 0.0, "percent_statements_covered_display": "0"}, "missing_lines": [114, 116, 118, 124, 125, 126, 127, 129, 130, 131, 132, 134, 135, 137, 138, 140, 148, 149, 153, 154, 155], "excluded_lines": [], "start_line": 110}, "TestEdaIntegrationWorkflow.setUpClass": {"executed_lines": [], "summary": {"covered_lines": 0, "num_statements": 8, "percent_covered": 0.0, "percent_covered_display": "0", "missing_lines": 8, "excluded_lines": 0, "percent_statements_covered": 0.0, "percent_statements_covered_display": "0"}, "missing_lines": [164, 165, 166, 169, 170, 173, 174, 175], "excluded_lines": [], "start_line": 162}, "TestEdaIntegrationWorkflow.test_01_parse_csv_bom": {"executed_lines": [], "summary": {"covered_lines": 0, "num_statements": 3, "percent_covered": 0.0, "percent_covered_display": "0", "missing_lines": 3, "excluded_lines": 0, "percent_statements_covered": 0.0, "percent_statements_covered_display": "0"}, "missing_lines": [181, 182, 184], "excluded_lines": [], "start_line": 179}, "TestEdaIntegrationWorkflow.test_02_deduplicate_merges_identical": {"executed_lines": [], "summary": {"covered_lines": 0, "num_statements": 6, "percent_covered": 0.0, "percent_covered_display": "0", "missing_lines": 6, "excluded_lines": 0, "percent_statements_covered": 0.0, "percent_statements_covered_display": "0"}, "missing_lines": [188, 189, 191, 194, 195, 196], "excluded_lines": [], "start_line": 186}, "TestEdaIntegrationWorkflow.test_03_suggest_alternatives": {"executed_lines": [], "summary": {"covered_lines": 0, "num_statements": 6, "percent_covered": 0.0, "percent_covered_display": "0", "missing_lines": 6, "excluded_lines": 0, "percent_statements_covered": 0.0, "percent_statements_covered_display": "0"}, "missing_lines": [202, 203, 204, 205, 207, 209], "excluded_lines": [], "start_line": 200}, "TestEdaIntegrationWorkflow.test_04_classify_assembly_categories": {"executed_lines": [], "summary": {"covered_lines": 0, "num_statements": 6, "percent_covered": 0.0, "percent_covered_display": "0", "missing_lines": 6, "excluded_lines": 0, "percent_statements_covered": 0.0, "percent_statements_covered_display": "0"}, "missing_lines": [217, 218, 219, 220, 222, 224], "excluded_lines": [], "start_line": 215}, "TestEdaIntegrationWorkflow.test_05_generate_report_structure": {"executed_lines": [], "summary": {"covered_lines": 0, "num_statements": 14, "percent_covered": 0.0, "percent_covered_display": "0", "missing_lines": 14, "excluded_lines": 0, "percent_statements_covered": 0.0, "percent_statements_covered_display": "0"}, "missing_lines": [233, 234, 235, 236, 238, 241, 242, 243, 244, 247, 248, 249, 250, 251], "excluded_lines": [], "start_line": 231}, "TestEdaIntegrationWorkflow.test_06_report_contains_components": {"executed_lines": [], "summary": {"covered_lines": 0, "num_statements": 7, "percent_covered": 0.0, "percent_covered_display": "0", "missing_lines": 7, "excluded_lines": 0, "percent_statements_covered": 0.0, "percent_statements_covered_display": "0"}, "missing_lines": [255, 256, 257, 258, 260, 263, 264], "excluded_lines": [], "start_line": 253}, "TestEdaIntegrationWorkflow.test_07_write_csv_roundtrip": {"executed_lines": [], "summary": {"covered_lines": 0, "num_statements": 8, "percent_covered": 0.0, "percent_covered_display": "0", "missing_lines": 8, "excluded_lines": 0, "percent_statements_covered": 0.0, "percent_statements_covered_display": "0"}, "missing_lines": [268, 269, 270, 271, 273, 274, 277, 278], "excluded_lines": [], "start_line": 266}, "TestEdaIntegrationWorkflow.test_08_full_workflow_end_to_end": {"executed_lines": [], "summary": {"covered_lines": 0, "num_statements": 15, "percent_covered": 0.0, "percent_covered_display": "0", "missing_lines": 15, "excluded_lines": 0, "percent_statements_covered": 0.0, "percent_statements_covered_display": "0"}, "missing_lines": [285, 286, 289, 290, 291, 292, 295, 296, 299, 302, 303, 304, 305, 308, 309], "excluded_lines": [], "start_line": 282}, "TestLcscPriceApi.test_invalid_part_number_format": {"executed_lines": [], "summary": {"covered_lines": 0, "num_statements": 5, "percent_covered": 0.0, "percent_covered_display": "0", "missing_lines": 5, "excluded_lines": 0, "percent_statements_covered": 0.0, "percent_statements_covered_display": "0"}, "missing_lines": [317, 318, 319, 320, 321], "excluded_lines": [], "start_line": 315}, "TestLcscPriceApi.test_valid_format_accepted": {"executed_lines": [], "summary": {"covered_lines": 0, "num_statements": 15, "percent_covered": 0.0, "percent_covered_display": "0", "missing_lines": 15, "excluded_lines": 0, "percent_statements_covered": 0.0, "percent_statements_covered_display": "0"}, "missing_lines": [326, 327, 328, 340, 341, 342, 344, 346, 347, 348, 349, 350, 351, 352, 353], "excluded_lines": [], "start_line": 323}, "TestLcscPriceApi.test_network_error_graceful_fallback": {"executed_lines": [], "summary": {"covered_lines": 0, "num_statements": 8, "percent_covered": 0.0, "percent_covered_display": "0", "missing_lines": 8, "excluded_lines": 0, "percent_statements_covered": 0.0, "percent_statements_covered_display": "0"}, "missing_lines": [357, 358, 359, 360, 362, 363, 364, 365], "excluded_lines": [], "start_line": 355}, "TestLcscPriceApi.test_http_404_graceful": {"executed_lines": [], "summary": {"covered_lines": 0, "num_statements": 7, "percent_covered": 0.0, "percent_covered_display": "0", "missing_lines": 7, "excluded_lines": 0, "percent_statements_covered": 0.0, "percent_statements_covered_display": "0"}, "missing_lines": [369, 370, 371, 374, 376, 377, 378], "excluded_lines": [], "start_line": 367}, "TestLcscPriceApi.test_multiple_parts_batch": {"executed_lines": [], "summary": {"covered_lines": 0, "num_statements": 10, "percent_covered": 0.0, "percent_covered_display": "0", "missing_lines": 10, "excluded_lines": 0, "percent_statements_covered": 0.0, "percent_statements_covered_display": "0"}, "missing_lines": [382, 383, 384, 393, 394, 395, 397, 399, 400, 401], "excluded_lines": [], "start_line": 380}, "TestDfmCheck.test_standard_2layer_passes": {"executed_lines": [], "summary": {"covered_lines": 0, "num_statements": 7, "percent_covered": 0.0, "percent_covered_display": "0", "missing_lines": 7, "excluded_lines": 0, "percent_statements_covered": 0.0, "percent_statements_covered_display": "0"}, "missing_lines": [409, 419, 420, 421, 422, 424, 425], "excluded_lines": [], "start_line": 407}, "TestDfmCheck.test_trace_too_thin_fails": {"executed_lines": [], "summary": {"covered_lines": 0, "num_statements": 5, "percent_covered": 0.0, "percent_covered_display": "0", "missing_lines": 5, "excluded_lines": 0, "percent_statements_covered": 0.0, "percent_statements_covered_display": "0"}, "missing_lines": [429, 433, 434, 435, 436], "excluded_lines": [], "start_line": 427}, "TestDfmCheck.test_via_too_small_fails": {"executed_lines": [], "summary": {"covered_lines": 0, "num_statements": 4, "percent_covered": 0.0, "percent_covered_display": "0", "missing_lines": 4, "excluded_lines": 0, "percent_statements_covered": 0.0, "percent_statements_covered_display": "0"}, "missing_lines": [440, 444, 445, 446], "excluded_lines": [], "start_line": 438}, "TestDfmCheck.test_clearance_too_small_fails": {"executed_lines": [], "summary": {"covered_lines": 0, "num_statements": 2, "percent_covered": 0.0, "percent_covered_display": "0", "missing_lines": 2, "excluded_lines": 0, "percent_statements_covered": 0.0, "percent_statements_covered_display": "0"}, "missing_lines": [450, 454], "excluded_lines": [], "start_line": 448}, "TestDfmCheck.test_invalid_layer_count": {"executed_lines": [], "summary": {"covered_lines": 0, "num_statements": 4, "percent_covered": 0.0, "percent_covered_display": "0", "missing_lines": 4, "excluded_lines": 0, "percent_statements_covered": 0.0, "percent_statements_covered_display": "0"}, "missing_lines": [458, 459, 460, 461], "excluded_lines": [], "start_line": 456}, "TestDfmCheck.test_board_too_large_fails": {"executed_lines": [], "summary": {"covered_lines": 0, "num_statements": 2, "percent_covered": 0.0, "percent_covered_display": "0", "missing_lines": 2, "excluded_lines": 0, "percent_statements_covered": 0.0, "percent_statements_covered_display": "0"}, "missing_lines": [465, 469], "excluded_lines": [], "start_line": 463}, "TestDfmCheck.test_unsupported_surface_finish": {"executed_lines": [], "summary": {"covered_lines": 0, "num_statements": 2, "percent_covered": 0.0, "percent_covered_display": "0", "missing_lines": 2, "excluded_lines": 0, "percent_statements_covered": 0.0, "percent_statements_covered_display": "0"}, "missing_lines": [473, 477], "excluded_lines": [], "start_line": 471}, "TestDfmCheck.test_unsupported_thickness": {"executed_lines": [], "summary": {"covered_lines": 0, "num_statements": 2, "percent_covered": 0.0, "percent_covered_display": "0", "missing_lines": 2, "excluded_lines": 0, "percent_statements_covered": 0.0, "percent_statements_covered_display": "0"}, "missing_lines": [481, 485], "excluded_lines": [], "start_line": 479}, "TestDfmCheck.test_minimal_params_defaults_pass": {"executed_lines": [], "summary": {"covered_lines": 0, "num_statements": 2, "percent_covered": 0.0, "percent_covered_display": "0", "missing_lines": 2, "excluded_lines": 0, "percent_statements_covered": 0.0, "percent_statements_covered_display": "0"}, "missing_lines": [489, 490], "excluded_lines": [], "start_line": 487}, "TestDfmCheck.test_warnings_near_limit": {"executed_lines": [], "summary": {"covered_lines": 0, "num_statements": 3, "percent_covered": 0.0, "percent_covered_display": "0", "missing_lines": 3, "excluded_lines": 0, "percent_statements_covered": 0.0, "percent_statements_covered_display": "0"}, "missing_lines": [494, 498, 499], "excluded_lines": [], "start_line": 492}, "TestDfmCheck.test_return_structure": {"executed_lines": [], "summary": {"covered_lines": 0, "num_statements": 8, "percent_covered": 0.0, "percent_covered_display": "0", "missing_lines": 8, "excluded_lines": 0, "percent_statements_covered": 0.0, "percent_statements_covered_display": "0"}, "missing_lines": [503, 504, 505, 506, 507, 508, 509, 510], "excluded_lines": [], "start_line": 501}, "TestDfmCheck.test_multiple_failures_reported": {"executed_lines": [], "summary": {"covered_lines": 0, "num_statements": 4, "percent_covered": 0.0, "percent_covered_display": "0", "missing_lines": 4, "excluded_lines": 0, "percent_statements_covered": 0.0, "percent_statements_covered_display": "0"}, "missing_lines": [514, 520, 521, 522], "excluded_lines": [], "start_line": 512}, "": {"executed_lines": [17, 18, 19, 20, 21, 22, 23, 24, 25, 28, 30, 31, 53, 110, 158, 161, 162, 179, 186, 200, 215, 231, 253, 266, 282, 312, 315, 323, 355, 367, 380, 404, 407, 427, 438, 448, 456, 463, 471, 479, 487, 492, 501, 512, 525], "summary": {"covered_lines": 45, "num_statements": 46, "percent_covered": 97.82608695652173, "percent_covered_display": "98", "missing_lines": 1, "excluded_lines": 0, "percent_statements_covered": 97.82608695652173, "percent_statements_covered_display": "98"}, "missing_lines": [526], "excluded_lines": [], "start_line": 1}}, "classes": {"TestEdaIntegrationWorkflow": {"executed_lines": [], "summary": {"covered_lines": 0, "num_statements": 73, "percent_covered": 0.0, "percent_covered_display": "0", "missing_lines": 73, "excluded_lines": 0, "percent_statements_covered": 0.0, "percent_statements_covered_display": "0"}, "missing_lines": [164, 165, 166, 169, 170, 173, 174, 175, 181, 182, 184, 188, 189, 191, 194, 195, 196, 202, 203, 204, 205, 207, 209, 217, 218, 219, 220, 222, 224, 233, 234, 235, 236, 238, 241, 242, 243, 244, 247, 248, 249, 250, 251, 255, 256, 257, 258, 260, 263, 264, 268, 269, 270, 271, 273, 274, 277, 278, 285, 286, 289, 290, 291, 292, 295, 296, 299, 302, 303, 304, 305, 308, 309], "excluded_lines": [], "start_line": 158}, "TestLcscPriceApi": {"executed_lines": [], "summary": {"covered_lines": 0, "num_statements": 45, "percent_covered": 0.0, "percent_covered_display": "0", "missing_lines": 45, "excluded_lines": 0, "percent_statements_covered": 0.0, "percent_statements_covered_display": "0"}, "missing_lines": [317, 318, 319, 320, 321, 326, 327, 328, 340, 341, 342, 344, 346, 347, 348, 349, 350, 351, 352, 353, 357, 358, 359, 360, 362, 363, 364, 365, 369, 370, 371, 374, 376, 377, 378, 382, 383, 384, 393, 394, 395, 397, 399, 400, 401], "excluded_lines": [], "start_line": 312}, "TestDfmCheck": {"executed_lines": [], "summary": {"covered_lines": 0, "num_statements": 45, "percent_covered": 0.0, "percent_covered_display": "0", "missing_lines": 45, "excluded_lines": 0, "percent_statements_covered": 0.0, "percent_statements_covered_display": "0"}, "missing_lines": [409, 419, 420, 421, 422, 424, 425, 429, 433, 434, 435, 436, 440, 444, 445, 446, 450, 454, 458, 459, 460, 461, 465, 469, 473, 477, 481, 485, 489, 490, 494, 498, 499, 503, 504, 505, 506, 507, 508, 509, 510, 514, 520, 521, 522], "excluded_lines": [], "start_line": 404}, "": {"executed_lines": [17, 18, 19, 20, 21, 22, 23, 24, 25, 28, 30, 31, 53, 110, 158, 161, 162, 179, 186, 200, 215, 231, 253, 266, 282, 312, 315, 323, 355, 367, 380, 404, 407, 427, 438, 448, 456, 463, 471, 479, 487, 492, 501, 512, 525], "summary": {"covered_lines": 45, "num_statements": 67, "percent_covered": 67.16417910447761, "percent_covered_display": "67", "missing_lines": 22, "excluded_lines": 0, "percent_statements_covered": 67.16417910447761, "percent_statements_covered_display": "67"}, "missing_lines": [114, 116, 118, 124, 125, 126, 127, 129, 130, 131, 132, 134, 135, 137, 138, 140, 148, 149, 153, 154, 155, 526], "excluded_lines": [], "start_line": 1}}}, "test/test_firmware_evidence.py": {"executed_lines": [2, 4, 5, 6, 7, 8, 10, 11, 14, 15, 26, 63], "summary": {"covered_lines": 12, "num_statements": 39, "percent_covered": 30.76923076923077, "percent_covered_display": "31", "missing_lines": 27, "excluded_lines": 0, "percent_statements_covered": 30.76923076923077, "percent_statements_covered_display": "31"}, "missing_lines": [16, 17, 18, 19, 20, 21, 23, 24, 27, 28, 29, 30, 33, 34, 36, 37, 39, 40, 41, 43, 54, 56, 57, 58, 59, 60, 64], "excluded_lines": [], "functions": {"FirmwareEvidenceTests.test_native_pio_command_detects_repo_local_venv_binary": {"executed_lines": [], "summary": {"covered_lines": 0, "num_statements": 8, "percent_covered": 0.0, "percent_covered_display": "0", "missing_lines": 8, "excluded_lines": 0, "percent_statements_covered": 0.0, "percent_statements_covered_display": "0"}, "missing_lines": [16, 17, 18, 19, 20, 21, 23, 24], "excluded_lines": [], "start_line": 15}, "FirmwareEvidenceTests.test_collect_evidence_rejects_stale_artifacts_after_failed_step": {"executed_lines": [], "summary": {"covered_lines": 0, "num_statements": 16, "percent_covered": 0.0, "percent_covered_display": "0", "missing_lines": 16, "excluded_lines": 0, "percent_statements_covered": 0.0, "percent_statements_covered_display": "0"}, "missing_lines": [27, 28, 29, 30, 33, 34, 36, 37, 39, 43, 54, 56, 57, 58, 59, 60], "excluded_lines": [], "start_line": 26}, "FirmwareEvidenceTests.test_collect_evidence_rejects_stale_artifacts_after_failed_step.capture_summary": {"executed_lines": [], "summary": {"covered_lines": 0, "num_statements": 2, "percent_covered": 0.0, "percent_covered_display": "0", "missing_lines": 2, "excluded_lines": 0, "percent_statements_covered": 0.0, "percent_statements_covered_display": "0"}, "missing_lines": [40, 41], "excluded_lines": [], "start_line": 39}, "": {"executed_lines": [2, 4, 5, 6, 7, 8, 10, 11, 14, 15, 26, 63], "summary": {"covered_lines": 12, "num_statements": 13, "percent_covered": 92.3076923076923, "percent_covered_display": "92", "missing_lines": 1, "excluded_lines": 0, "percent_statements_covered": 92.3076923076923, "percent_statements_covered_display": "92"}, "missing_lines": [64], "excluded_lines": [], "start_line": 1}}, "classes": {"FirmwareEvidenceTests": {"executed_lines": [], "summary": {"covered_lines": 0, "num_statements": 26, "percent_covered": 0.0, "percent_covered_display": "0", "missing_lines": 26, "excluded_lines": 0, "percent_statements_covered": 0.0, "percent_statements_covered_display": "0"}, "missing_lines": [16, 17, 18, 19, 20, 21, 23, 24, 27, 28, 29, 30, 33, 34, 36, 37, 39, 40, 41, 43, 54, 56, 57, 58, 59, 60], "excluded_lines": [], "start_line": 14}, "": {"executed_lines": [2, 4, 5, 6, 7, 8, 10, 11, 14, 15, 26, 63], "summary": {"covered_lines": 12, "num_statements": 13, "percent_covered": 92.3076923076923, "percent_covered_display": "92", "missing_lines": 1, "excluded_lines": 0, "percent_statements_covered": 92.3076923076923, "percent_statements_covered_display": "92"}, "missing_lines": [64], "excluded_lines": [], "start_line": 1}}}, "test/test_freecad_mcp.py": {"executed_lines": [2, 4, 5, 6, 7, 10, 11, 14, 20, 36, 37, 70], "summary": {"covered_lines": 12, "num_statements": 46, "percent_covered": 26.08695652173913, "percent_covered_display": "26", "missing_lines": 34, "excluded_lines": 0, "percent_statements_covered": 26.08695652173913, "percent_statements_covered_display": "26"}, "missing_lines": [15, 16, 17, 21, 22, 23, 24, 25, 26, 27, 28, 29, 31, 32, 33, 38, 46, 47, 48, 49, 50, 52, 53, 54, 55, 60, 61, 62, 63, 64, 65, 66, 67, 71], "excluded_lines": [], "functions": {"write_message": {"executed_lines": [], "summary": {"covered_lines": 0, "num_statements": 3, "percent_covered": 0.0, "percent_covered_display": "0", "missing_lines": 3, "excluded_lines": 0, "percent_statements_covered": 0.0, "percent_statements_covered_display": "0"}, "missing_lines": [15, 16, 17], "excluded_lines": [], "start_line": 14}, "read_message": {"executed_lines": [], "summary": {"covered_lines": 0, "num_statements": 12, "percent_covered": 0.0, "percent_covered_display": "0", "missing_lines": 12, "excluded_lines": 0, "percent_statements_covered": 0.0, "percent_statements_covered_display": "0"}, "missing_lines": [21, 22, 23, 24, 25, 26, 27, 28, 29, 31, 32, 33], "excluded_lines": [], "start_line": 20}, "FreeCadMcpTests.test_server_supports_initialize_and_tools_list": {"executed_lines": [], "summary": {"covered_lines": 0, "num_statements": 18, "percent_covered": 0.0, "percent_covered_display": "0", "missing_lines": 18, "excluded_lines": 0, "percent_statements_covered": 0.0, "percent_statements_covered_display": "0"}, "missing_lines": [38, 46, 47, 48, 49, 50, 52, 53, 54, 55, 60, 61, 62, 63, 64, 65, 66, 67], "excluded_lines": [], "start_line": 37}, "": {"executed_lines": [2, 4, 5, 6, 7, 10, 11, 14, 20, 36, 37, 70], "summary": {"covered_lines": 12, "num_statements": 13, "percent_covered": 92.3076923076923, "percent_covered_display": "92", "missing_lines": 1, "excluded_lines": 0, "percent_statements_covered": 92.3076923076923, "percent_statements_covered_display": "92"}, "missing_lines": [71], "excluded_lines": [], "start_line": 1}}, "classes": {"FreeCadMcpTests": {"executed_lines": [], "summary": {"covered_lines": 0, "num_statements": 18, "percent_covered": 0.0, "percent_covered_display": "0", "missing_lines": 18, "excluded_lines": 0, "percent_statements_covered": 0.0, "percent_statements_covered_display": "0"}, "missing_lines": [38, 46, 47, 48, 49, 50, 52, 53, 54, 55, 60, 61, 62, 63, 64, 65, 66, 67], "excluded_lines": [], "start_line": 36}, "": {"executed_lines": [2, 4, 5, 6, 7, 10, 11, 14, 20, 36, 37, 70], "summary": {"covered_lines": 12, "num_statements": 28, "percent_covered": 42.857142857142854, "percent_covered_display": "43", "missing_lines": 16, "excluded_lines": 0, "percent_statements_covered": 42.857142857142854, "percent_statements_covered_display": "43"}, "missing_lines": [15, 16, 17, 21, 22, 23, 24, 25, 26, 27, 28, 29, 31, 32, 33, 71], "excluded_lines": [], "start_line": 1}}}, "test/test_github_dispatch_mcp.py": {"executed_lines": [2, 4, 5, 6, 7, 8, 11, 12, 15, 21, 37, 38, 81, 121, 165], "summary": {"covered_lines": 15, "num_statements": 86, "percent_covered": 17.441860465116278, "percent_covered_display": "17", "missing_lines": 71, "excluded_lines": 0, "percent_statements_covered": 17.441860465116278, "percent_statements_covered_display": "17"}, "missing_lines": [16, 17, 18, 22, 23, 24, 25, 26, 27, 28, 29, 30, 32, 33, 34, 39, 40, 41, 42, 52, 53, 57, 58, 59, 61, 65, 66, 67, 72, 73, 74, 75, 76, 77, 78, 79, 82, 83, 84, 85, 95, 96, 105, 106, 107, 112, 113, 114, 115, 116, 117, 118, 119, 122, 123, 124, 125, 135, 136, 148, 149, 150, 155, 156, 157, 158, 159, 160, 161, 162, 166], "excluded_lines": [], "functions": {"write_message": {"executed_lines": [], "summary": {"covered_lines": 0, "num_statements": 3, "percent_covered": 0.0, "percent_covered_display": "0", "missing_lines": 3, "excluded_lines": 0, "percent_statements_covered": 0.0, "percent_statements_covered_display": "0"}, "missing_lines": [16, 17, 18], "excluded_lines": [], "start_line": 15}, "read_message": {"executed_lines": [], "summary": {"covered_lines": 0, "num_statements": 12, "percent_covered": 0.0, "percent_covered_display": "0", "missing_lines": 12, "excluded_lines": 0, "percent_statements_covered": 0.0, "percent_statements_covered_display": "0"}, "missing_lines": [22, 23, 24, 25, 26, 27, 28, 29, 30, 32, 33, 34], "excluded_lines": [], "start_line": 21}, "GitHubDispatchMcpTests.test_server_supports_initialize_and_tools_list": {"executed_lines": [], "summary": {"covered_lines": 0, "num_statements": 21, "percent_covered": 0.0, "percent_covered_display": "0", "missing_lines": 21, "excluded_lines": 0, "percent_statements_covered": 0.0, "percent_statements_covered_display": "0"}, "missing_lines": [39, 40, 41, 42, 52, 53, 57, 58, 59, 61, 65, 66, 67, 72, 73, 74, 75, 76, 77, 78, 79], "excluded_lines": [], "start_line": 38}, "GitHubDispatchMcpTests.test_list_allowlisted_workflows_succeeds_without_token": {"executed_lines": [], "summary": {"covered_lines": 0, "num_statements": 17, "percent_covered": 0.0, "percent_covered_display": "0", "missing_lines": 17, "excluded_lines": 0, "percent_statements_covered": 0.0, "percent_statements_covered_display": "0"}, "missing_lines": [82, 83, 84, 85, 95, 96, 105, 106, 107, 112, 113, 114, 115, 116, 117, 118, 119], "excluded_lines": [], "start_line": 81}, "GitHubDispatchMcpTests.test_dispatch_workflow_returns_structured_missing_secret_error": {"executed_lines": [], "summary": {"covered_lines": 0, "num_statements": 17, "percent_covered": 0.0, "percent_covered_display": "0", "missing_lines": 17, "excluded_lines": 0, "percent_statements_covered": 0.0, "percent_statements_covered_display": "0"}, "missing_lines": [122, 123, 124, 125, 135, 136, 148, 149, 150, 155, 156, 157, 158, 159, 160, 161, 162], "excluded_lines": [], "start_line": 121}, "": {"executed_lines": [2, 4, 5, 6, 7, 8, 11, 12, 15, 21, 37, 38, 81, 121, 165], "summary": {"covered_lines": 15, "num_statements": 16, "percent_covered": 93.75, "percent_covered_display": "94", "missing_lines": 1, "excluded_lines": 0, "percent_statements_covered": 93.75, "percent_statements_covered_display": "94"}, "missing_lines": [166], "excluded_lines": [], "start_line": 1}}, "classes": {"GitHubDispatchMcpTests": {"executed_lines": [], "summary": {"covered_lines": 0, "num_statements": 55, "percent_covered": 0.0, "percent_covered_display": "0", "missing_lines": 55, "excluded_lines": 0, "percent_statements_covered": 0.0, "percent_statements_covered_display": "0"}, "missing_lines": [39, 40, 41, 42, 52, 53, 57, 58, 59, 61, 65, 66, 67, 72, 73, 74, 75, 76, 77, 78, 79, 82, 83, 84, 85, 95, 96, 105, 106, 107, 112, 113, 114, 115, 116, 117, 118, 119, 122, 123, 124, 125, 135, 136, 148, 149, 150, 155, 156, 157, 158, 159, 160, 161, 162], "excluded_lines": [], "start_line": 37}, "": {"executed_lines": [2, 4, 5, 6, 7, 8, 11, 12, 15, 21, 37, 38, 81, 121, 165], "summary": {"covered_lines": 15, "num_statements": 31, "percent_covered": 48.38709677419355, "percent_covered_display": "48", "missing_lines": 16, "excluded_lines": 0, "percent_statements_covered": 48.38709677419355, "percent_statements_covered_display": "48"}, "missing_lines": [16, 17, 18, 22, 23, 24, 25, 26, 27, 28, 29, 30, 32, 33, 34, 166], "excluded_lines": [], "start_line": 1}}}, "test/test_intelligence_tui_contract.py": {"executed_lines": [2, 4, 5, 6, 7, 8, 10, 12, 13, 14, 15, 18, 19, 30, 41, 52, 71, 90, 106, 112, 131, 149, 164, 181, 213, 228, 242], "summary": {"covered_lines": 27, "num_statements": 175, "percent_covered": 15.428571428571429, "percent_covered_display": "15", "missing_lines": 148, "excluded_lines": 0, "percent_statements_covered": 15.428571428571429, "percent_statements_covered_display": "15"}, "missing_lines": [20, 27, 28, 31, 38, 39, 42, 49, 50, 53, 54, 55, 56, 57, 58, 59, 60, 61, 62, 63, 64, 65, 66, 67, 68, 69, 72, 73, 74, 75, 76, 77, 78, 79, 80, 81, 85, 86, 87, 88, 91, 92, 93, 94, 95, 96, 97, 98, 99, 100, 101, 102, 107, 108, 109, 110, 113, 114, 115, 116, 117, 118, 119, 120, 121, 122, 123, 124, 125, 126, 127, 128, 129, 132, 133, 134, 135, 145, 146, 147, 150, 151, 152, 153, 154, 155, 156, 157, 158, 159, 160, 161, 162, 165, 166, 167, 168, 169, 170, 182, 183, 184, 185, 186, 187, 188, 189, 190, 191, 192, 193, 194, 195, 196, 197, 198, 199, 200, 201, 202, 203, 204, 205, 206, 207, 208, 209, 210, 211, 214, 215, 216, 217, 218, 219, 220, 221, 222, 223, 224, 225, 226, 229, 236, 237, 238, 239, 243], "excluded_lines": [], "functions": {"IntelligenceTuiContractTests.run_script": {"executed_lines": [], "summary": {"covered_lines": 0, "num_statements": 3, "percent_covered": 0.0, "percent_covered_display": "0", "missing_lines": 3, "excluded_lines": 0, "percent_statements_covered": 0.0, "percent_statements_covered_display": "0"}, "missing_lines": [20, 27, 28], "excluded_lines": [], "start_line": 19}, "IntelligenceTuiContractTests.run_script_from_cwd": {"executed_lines": [], "summary": {"covered_lines": 0, "num_statements": 3, "percent_covered": 0.0, "percent_covered_display": "0", "missing_lines": 3, "excluded_lines": 0, "percent_statements_covered": 0.0, "percent_statements_covered_display": "0"}, "missing_lines": [31, 38, 39], "excluded_lines": [], "start_line": 30}, "IntelligenceTuiContractTests.run_text_script": {"executed_lines": [], "summary": {"covered_lines": 0, "num_statements": 3, "percent_covered": 0.0, "percent_covered_display": "0", "missing_lines": 3, "excluded_lines": 0, "percent_statements_covered": 0.0, "percent_statements_covered_display": "0"}, "missing_lines": [42, 49, 50], "excluded_lines": [], "start_line": 41}, "IntelligenceTuiContractTests.test_status_reports_canonical_sources_and_extension_repos": {"executed_lines": [], "summary": {"covered_lines": 0, "num_statements": 17, "percent_covered": 0.0, "percent_covered_display": "0", "missing_lines": 17, "excluded_lines": 0, "percent_statements_covered": 0.0, "percent_statements_covered_display": "0"}, "missing_lines": [53, 54, 55, 56, 57, 58, 59, 60, 61, 62, 63, 64, 65, 66, 67, 68, 69], "excluded_lines": [], "start_line": 52}, "IntelligenceTuiContractTests.test_memory_writes_latest_artifacts": {"executed_lines": [], "summary": {"covered_lines": 0, "num_statements": 14, "percent_covered": 0.0, "percent_covered_display": "0", "missing_lines": 14, "excluded_lines": 0, "percent_statements_covered": 0.0, "percent_statements_covered_display": "0"}, "missing_lines": [72, 73, 74, 75, 76, 77, 78, 79, 80, 81, 85, 86, 87, 88], "excluded_lines": [], "start_line": 71}, "IntelligenceTuiContractTests.test_status_is_repo_root_stable_outside_repo_cwd": {"executed_lines": [], "summary": {"covered_lines": 0, "num_statements": 12, "percent_covered": 0.0, "percent_covered_display": "0", "missing_lines": 12, "excluded_lines": 0, "percent_statements_covered": 0.0, "percent_statements_covered_display": "0"}, "missing_lines": [91, 92, 93, 94, 95, 96, 97, 98, 99, 100, 101, 102], "excluded_lines": [], "start_line": 90}, "IntelligenceTuiContractTests.test_next_actions_is_exposed": {"executed_lines": [], "summary": {"covered_lines": 0, "num_statements": 4, "percent_covered": 0.0, "percent_covered_display": "0", "missing_lines": 4, "excluded_lines": 0, "percent_statements_covered": 0.0, "percent_statements_covered_display": "0"}, "missing_lines": [107, 108, 109, 110], "excluded_lines": [], "start_line": 106}, "IntelligenceTuiContractTests.test_scorecard_persists_lane_maturity_and_fragmentation": {"executed_lines": [], "summary": {"covered_lines": 0, "num_statements": 17, "percent_covered": 0.0, "percent_covered_display": "0", "missing_lines": 17, "excluded_lines": 0, "percent_statements_covered": 0.0, "percent_statements_covered_display": "0"}, "missing_lines": [113, 114, 115, 116, 117, 118, 119, 120, 121, 122, 123, 124, 125, 126, 127, 128, 129], "excluded_lines": [], "start_line": 112}, "IntelligenceTuiContractTests.test_comparison_covers_five_target_repos": {"executed_lines": [], "summary": {"covered_lines": 0, "num_statements": 7, "percent_covered": 0.0, "percent_covered_display": "0", "missing_lines": 7, "excluded_lines": 0, "percent_statements_covered": 0.0, "percent_statements_covered_display": "0"}, "missing_lines": [132, 133, 134, 135, 145, 146, 147], "excluded_lines": [], "start_line": 131}, "IntelligenceTuiContractTests.test_recommendations_exposes_prioritized_queue": {"executed_lines": [], "summary": {"covered_lines": 0, "num_statements": 13, "percent_covered": 0.0, "percent_covered_display": "0", "missing_lines": 13, "excluded_lines": 0, "percent_statements_covered": 0.0, "percent_statements_covered_display": "0"}, "missing_lines": [150, 151, 152, 153, 154, 155, 156, 157, 158, 159, 160, 161, 162], "excluded_lines": [], "start_line": 149}, "IntelligenceTuiContractTests.test_research_uses_current_official_table": {"executed_lines": [], "summary": {"covered_lines": 0, "num_statements": 6, "percent_covered": 0.0, "percent_covered_display": "0", "missing_lines": 6, "excluded_lines": 0, "percent_statements_covered": 0.0, "percent_statements_covered_display": "0"}, "missing_lines": [165, 166, 167, 168, 169, 170], "excluded_lines": [], "start_line": 164}, "IntelligenceTuiContractTests.test_summary_short_json_is_compact_and_stable": {"executed_lines": [], "summary": {"covered_lines": 0, "num_statements": 30, "percent_covered": 0.0, "percent_covered_display": "0", "missing_lines": 30, "excluded_lines": 0, "percent_statements_covered": 0.0, "percent_statements_covered_display": "0"}, "missing_lines": [182, 183, 184, 185, 186, 187, 188, 189, 190, 191, 192, 193, 194, 195, 196, 197, 198, 199, 200, 201, 202, 203, 204, 205, 206, 207, 208, 209, 210, 211], "excluded_lines": [], "start_line": 181}, "IntelligenceTuiContractTests.test_summary_short_text_is_extension_friendly": {"executed_lines": [], "summary": {"covered_lines": 0, "num_statements": 13, "percent_covered": 0.0, "percent_covered_display": "0", "missing_lines": 13, "excluded_lines": 0, "percent_statements_covered": 0.0, "percent_statements_covered_display": "0"}, "missing_lines": [214, 215, 216, 217, 218, 219, 220, 221, 222, 223, 224, 225, 226], "excluded_lines": [], "start_line": 213}, "IntelligenceTuiContractTests.test_legacy_wrapper_still_works": {"executed_lines": [], "summary": {"covered_lines": 0, "num_statements": 5, "percent_covered": 0.0, "percent_covered_display": "0", "missing_lines": 5, "excluded_lines": 0, "percent_statements_covered": 0.0, "percent_statements_covered_display": "0"}, "missing_lines": [229, 236, 237, 238, 239], "excluded_lines": [], "start_line": 228}, "": {"executed_lines": [2, 4, 5, 6, 7, 8, 10, 12, 13, 14, 15, 18, 19, 30, 41, 52, 71, 90, 106, 112, 131, 149, 164, 181, 213, 228, 242], "summary": {"covered_lines": 27, "num_statements": 28, "percent_covered": 96.42857142857143, "percent_covered_display": "96", "missing_lines": 1, "excluded_lines": 0, "percent_statements_covered": 96.42857142857143, "percent_statements_covered_display": "96"}, "missing_lines": [243], "excluded_lines": [], "start_line": 1}}, "classes": {"IntelligenceTuiContractTests": {"executed_lines": [], "summary": {"covered_lines": 0, "num_statements": 147, "percent_covered": 0.0, "percent_covered_display": "0", "missing_lines": 147, "excluded_lines": 0, "percent_statements_covered": 0.0, "percent_statements_covered_display": "0"}, "missing_lines": [20, 27, 28, 31, 38, 39, 42, 49, 50, 53, 54, 55, 56, 57, 58, 59, 60, 61, 62, 63, 64, 65, 66, 67, 68, 69, 72, 73, 74, 75, 76, 77, 78, 79, 80, 81, 85, 86, 87, 88, 91, 92, 93, 94, 95, 96, 97, 98, 99, 100, 101, 102, 107, 108, 109, 110, 113, 114, 115, 116, 117, 118, 119, 120, 121, 122, 123, 124, 125, 126, 127, 128, 129, 132, 133, 134, 135, 145, 146, 147, 150, 151, 152, 153, 154, 155, 156, 157, 158, 159, 160, 161, 162, 165, 166, 167, 168, 169, 170, 182, 183, 184, 185, 186, 187, 188, 189, 190, 191, 192, 193, 194, 195, 196, 197, 198, 199, 200, 201, 202, 203, 204, 205, 206, 207, 208, 209, 210, 211, 214, 215, 216, 217, 218, 219, 220, 221, 222, 223, 224, 225, 226, 229, 236, 237, 238, 239], "excluded_lines": [], "start_line": 18}, "": {"executed_lines": [2, 4, 5, 6, 7, 8, 10, 12, 13, 14, 15, 18, 19, 30, 41, 52, 71, 90, 106, 112, 131, 149, 164, 181, 213, 228, 242], "summary": {"covered_lines": 27, "num_statements": 28, "percent_covered": 96.42857142857143, "percent_covered_display": "96", "missing_lines": 1, "excluded_lines": 0, "percent_statements_covered": 96.42857142857143, "percent_statements_covered_display": "96"}, "missing_lines": [243], "excluded_lines": [], "start_line": 1}}}, "test/test_kill_life_agent_api.py": {"executed_lines": [2, 4, 5, 7], "summary": {"covered_lines": 4, "num_statements": 73, "percent_covered": 5.47945205479452, "percent_covered_display": "5", "missing_lines": 69, "excluded_lines": 0, "percent_statements_covered": 5.47945205479452, "percent_statements_covered_display": "5"}, "missing_lines": [9, 10, 13, 14, 15, 17, 18, 20, 21, 24, 25, 26, 28, 29, 31, 32, 34, 35, 37, 38, 39, 40, 43, 44, 45, 47, 48, 49, 50, 51, 52, 54, 55, 56, 57, 58, 59, 60, 61, 62, 64, 65, 66, 71, 72, 73, 74, 75, 76, 77, 78, 79, 80, 81, 84, 86, 92, 93, 94, 95, 96, 97, 98, 99, 100, 101, 103, 106, 107], "excluded_lines": [], "functions": {"DummyResponse.__init__": {"executed_lines": [], "summary": {"covered_lines": 0, "num_statements": 1, "percent_covered": 0.0, "percent_covered_display": "0", "missing_lines": 1, "excluded_lines": 0, "percent_statements_covered": 0.0, "percent_statements_covered_display": "0"}, "missing_lines": [15], "excluded_lines": [], "start_line": 14}, "DummyResponse.raise_for_status": {"executed_lines": [], "summary": {"covered_lines": 0, "num_statements": 1, "percent_covered": 0.0, "percent_covered_display": "0", "missing_lines": 1, "excluded_lines": 0, "percent_statements_covered": 0.0, "percent_statements_covered_display": "0"}, "missing_lines": [18], "excluded_lines": [], "start_line": 17}, "DummyResponse.json": {"executed_lines": [], "summary": {"covered_lines": 0, "num_statements": 1, "percent_covered": 0.0, "percent_covered_display": "0", "missing_lines": 1, "excluded_lines": 0, "percent_statements_covered": 0.0, "percent_statements_covered_display": "0"}, "missing_lines": [21], "excluded_lines": [], "start_line": 20}, "DummyAsyncClient.__init__": {"executed_lines": [], "summary": {"covered_lines": 0, "num_statements": 1, "percent_covered": 0.0, "percent_covered_display": "0", "missing_lines": 1, "excluded_lines": 0, "percent_statements_covered": 0.0, "percent_statements_covered_display": "0"}, "missing_lines": [29], "excluded_lines": [], "start_line": 28}, "DummyAsyncClient.__aenter__": {"executed_lines": [], "summary": {"covered_lines": 0, "num_statements": 1, "percent_covered": 0.0, "percent_covered_display": "0", "missing_lines": 1, "excluded_lines": 0, "percent_statements_covered": 0.0, "percent_statements_covered_display": "0"}, "missing_lines": [32], "excluded_lines": [], "start_line": 31}, "DummyAsyncClient.__aexit__": {"executed_lines": [], "summary": {"covered_lines": 0, "num_statements": 1, "percent_covered": 0.0, "percent_covered_display": "0", "missing_lines": 1, "excluded_lines": 0, "percent_statements_covered": 0.0, "percent_statements_covered_display": "0"}, "missing_lines": [35], "excluded_lines": [], "start_line": 34}, "DummyAsyncClient.post": {"executed_lines": [], "summary": {"covered_lines": 0, "num_statements": 3, "percent_covered": 0.0, "percent_covered_display": "0", "missing_lines": 3, "excluded_lines": 0, "percent_statements_covered": 0.0, "percent_statements_covered_display": "0"}, "missing_lines": [38, 39, 40], "excluded_lines": [], "start_line": 37}, "KillLifeAgentApiTests.setUp": {"executed_lines": [], "summary": {"covered_lines": 0, "num_statements": 1, "percent_covered": 0.0, "percent_covered_display": "0", "missing_lines": 1, "excluded_lines": 0, "percent_statements_covered": 0.0, "percent_statements_covered_display": "0"}, "missing_lines": [45], "excluded_lines": [], "start_line": 44}, "KillLifeAgentApiTests.test_list_agents_uses_canonical_catalog": {"executed_lines": [], "summary": {"covered_lines": 0, "num_statements": 5, "percent_covered": 0.0, "percent_covered_display": "0", "missing_lines": 5, "excluded_lines": 0, "percent_statements_covered": 0.0, "percent_statements_covered_display": "0"}, "missing_lines": [48, 49, 50, 51, 52], "excluded_lines": [], "start_line": 47}, "KillLifeAgentApiTests.test_legacy_agents_return_gone_with_migration_mapping": {"executed_lines": [], "summary": {"covered_lines": 0, "num_statements": 8, "percent_covered": 0.0, "percent_covered_display": "0", "missing_lines": 8, "excluded_lines": 0, "percent_statements_covered": 0.0, "percent_statements_covered_display": "0"}, "missing_lines": [55, 56, 57, 58, 59, 60, 61, 62], "excluded_lines": [], "start_line": 54}, "KillLifeAgentApiTests.test_canonical_agent_run_routes_through_mascarade": {"executed_lines": [], "summary": {"covered_lines": 0, "num_statements": 13, "percent_covered": 0.0, "percent_covered_display": "0", "missing_lines": 13, "excluded_lines": 0, "percent_statements_covered": 0.0, "percent_statements_covered_display": "0"}, "missing_lines": [65, 66, 71, 72, 73, 74, 75, 76, 77, 78, 79, 80, 81], "excluded_lines": [], "start_line": 64}, "KillLifeAgentApiTests.test_bridge_mascarade_uses_env_vars": {"executed_lines": [], "summary": {"covered_lines": 0, "num_statements": 12, "percent_covered": 0.0, "percent_covered_display": "0", "missing_lines": 12, "excluded_lines": 0, "percent_statements_covered": 0.0, "percent_statements_covered_display": "0"}, "missing_lines": [86, 92, 93, 94, 95, 96, 97, 98, 99, 100, 101, 103], "excluded_lines": [], "start_line": 84}, "": {"executed_lines": [2, 4, 5, 7], "summary": {"covered_lines": 4, "num_statements": 25, "percent_covered": 16.0, "percent_covered_display": "16", "missing_lines": 21, "excluded_lines": 0, "percent_statements_covered": 16.0, "percent_statements_covered_display": "16"}, "missing_lines": [9, 10, 13, 14, 17, 20, 24, 25, 26, 28, 31, 34, 37, 43, 44, 47, 54, 64, 84, 106, 107], "excluded_lines": [], "start_line": 1}}, "classes": {"DummyResponse": {"executed_lines": [], "summary": {"covered_lines": 0, "num_statements": 3, "percent_covered": 0.0, "percent_covered_display": "0", "missing_lines": 3, "excluded_lines": 0, "percent_statements_covered": 0.0, "percent_statements_covered_display": "0"}, "missing_lines": [15, 18, 21], "excluded_lines": [], "start_line": 13}, "DummyAsyncClient": {"executed_lines": [], "summary": {"covered_lines": 0, "num_statements": 6, "percent_covered": 0.0, "percent_covered_display": "0", "missing_lines": 6, "excluded_lines": 0, "percent_statements_covered": 0.0, "percent_statements_covered_display": "0"}, "missing_lines": [29, 32, 35, 38, 39, 40], "excluded_lines": [], "start_line": 24}, "KillLifeAgentApiTests": {"executed_lines": [], "summary": {"covered_lines": 0, "num_statements": 39, "percent_covered": 0.0, "percent_covered_display": "0", "missing_lines": 39, "excluded_lines": 0, "percent_statements_covered": 0.0, "percent_statements_covered_display": "0"}, "missing_lines": [45, 48, 49, 50, 51, 52, 55, 56, 57, 58, 59, 60, 61, 62, 65, 66, 71, 72, 73, 74, 75, 76, 77, 78, 79, 80, 81, 86, 92, 93, 94, 95, 96, 97, 98, 99, 100, 101, 103], "excluded_lines": [], "start_line": 43}, "": {"executed_lines": [2, 4, 5, 7], "summary": {"covered_lines": 4, "num_statements": 25, "percent_covered": 16.0, "percent_covered_display": "16", "missing_lines": 21, "excluded_lines": 0, "percent_statements_covered": 16.0, "percent_statements_covered_display": "16"}, "missing_lines": [9, 10, 13, 14, 17, 20, 24, 25, 26, 28, 31, 34, 37, 43, 44, 47, 54, 64, 84, 106, 107], "excluded_lines": [], "start_line": 1}}}, "test/test_knowledge_base_mcp.py": {"executed_lines": [2, 4, 5, 6, 7, 8, 11, 12, 15, 21, 37, 38, 93, 137], "summary": {"covered_lines": 14, "num_statements": 68, "percent_covered": 20.58823529411765, "percent_covered_display": "21", "missing_lines": 54, "excluded_lines": 0, "percent_statements_covered": 20.58823529411765, "percent_statements_covered_display": "21"}, "missing_lines": [16, 17, 18, 22, 23, 24, 25, 26, 27, 28, 29, 30, 32, 33, 34, 39, 40, 41, 42, 52, 53, 62, 63, 66, 68, 77, 78, 79, 84, 85, 86, 87, 88, 89, 90, 91, 94, 95, 96, 97, 107, 108, 120, 121, 122, 127, 128, 129, 130, 131, 132, 133, 134, 138], "excluded_lines": [], "functions": {"write_message": {"executed_lines": [], "summary": {"covered_lines": 0, "num_statements": 3, "percent_covered": 0.0, "percent_covered_display": "0", "missing_lines": 3, "excluded_lines": 0, "percent_statements_covered": 0.0, "percent_statements_covered_display": "0"}, "missing_lines": [16, 17, 18], "excluded_lines": [], "start_line": 15}, "read_message": {"executed_lines": [], "summary": {"covered_lines": 0, "num_statements": 12, "percent_covered": 0.0, "percent_covered_display": "0", "missing_lines": 12, "excluded_lines": 0, "percent_statements_covered": 0.0, "percent_statements_covered_display": "0"}, "missing_lines": [22, 23, 24, 25, 26, 27, 28, 29, 30, 32, 33, 34], "excluded_lines": [], "start_line": 21}, "KnowledgeBaseMcpTests.test_se
[...]
 229, 230, 231, 233, 234, 235, 237, 238, 240, 241, 242, 243, 244, 245, 247, 248, 249, 250, 251, 253, 254, 255, 256, 258, 266, 267, 268, 269, 271, 273, 274, 275, 277, 278, 279, 281, 282, 283, 285, 286, 287, 288, 291, 292], "excluded_lines": [], "start_line": 1}}}, "tools/mcp_runtime_status.py": {"executed_lines": [4, 6, 7, 8, 9, 10, 11, 13, 14, 18, 19, 20, 22, 103, 116, 144, 164, 227, 238, 251, 270], "summary": {"covered_lines": 21, "num_statements": 115, "percent_covered": 18.26086956521739, "percent_covered_display": "18", "missing_lines": 94, "excluded_lines": 2, "percent_statements_covered": 18.26086956521739, "percent_statements_covered_display": "18"}, "missing_lines": [104, 105, 106, 107, 113, 117, 118, 119, 120, 121, 122, 123, 125, 126, 127, 128, 129, 130, 131, 132, 133, 134, 135, 136, 137, 138, 139, 140, 141, 145, 146, 147, 148, 149, 150, 151, 152, 153, 161, 165, 166, 167, 173, 174, 183, 184, 185, 186, 187, 188, 193, 195, 196, 197, 198, 199, 200, 206, 207, 208, 209, 210, 211, 212, 216, 217, 218, 219, 220, 221, 222, 223, 224, 228, 229, 231, 232, 233, 235, 239, 240, 242, 243, 244, 245, 246, 247, 248, 252, 253, 254, 255, 267, 271], "excluded_lines": [15, 16], "functions": {"parse_args": {"executed_lines": [], "summary": {"covered_lines": 0, "num_statements": 5, "percent_covered": 0.0, "percent_covered_display": "0", "missing_lines": 5, "excluded_lines": 0, "percent_statements_covered": 0.0, "percent_statements_covered_display": "0"}, "missing_lines": [104, 105, 106, 107, 113], "excluded_lines": [], "start_line": 103}, "classify_overall": {"executed_lines": [], "summary": {"covered_lines": 0, "num_statements": 24, "percent_covered": 0.0, "percent_covered_display": "0", "missing_lines": 24, "excluded_lines": 0, "percent_statements_covered": 0.0, "percent_statements_covered_display": "0"}, "missing_lines": [117, 118, 119, 120, 121, 122, 123, 125, 126, 127, 128, 129, 130, 131, 132, 133, 134, 135, 136, 137, 138, 139, 140, 141], "excluded_lines": [], "start_line": 116}, "derive_blockers": {"executed_lines": [], "summary": {"covered_lines": 0, "num_statements": 10, "percent_covered": 0.0, "percent_covered_display": "0", "missing_lines": 10, "excluded_lines": 0, "percent_statements_covered": 0.0, "percent_statements_covered_display": "0"}, "missing_lines": [145, 146, 147, 148, 149, 150, 151, 152, 153, 161], "excluded_lines": [], "start_line": 144}, "run_check": {"executed_lines": [], "summary": {"covered_lines": 0, "num_statements": 34, "percent_covered": 0.0, "percent_covered_display": "0", "missing_lines": 34, "excluded_lines": 0, "percent_statements_covered": 0.0, "percent_statements_covered_display": "0"}, "missing_lines": [165, 166, 167, 173, 174, 183, 184, 185, 186, 187, 188, 193, 195, 196, 197, 198, 199, 200, 206, 207, 208, 209, 210, 211, 212, 216, 217, 218, 219, 220, 221, 222, 223, 224], "excluded_lines": [], "start_line": 164}, "run_all_checks": {"executed_lines": [], "summary": {"covered_lines": 0, "num_statements": 4, "percent_covered": 0.0, "percent_covered_display": "0", "missing_lines": 4, "excluded_lines": 0, "percent_statements_covered": 0.0, "percent_statements_covered_display": "0"}, "missing_lines": [228, 229, 231, 235], "excluded_lines": [], "start_line": 227}, "run_all_checks._guarded": {"executed_lines": [], "summary": {"covered_lines": 0, "num_statements": 2, "percent_covered": 0.0, "percent_covered_display": "0", "missing_lines": 2, "excluded_lines": 0, "percent_statements_covered": 0.0, "percent_statements_covered_display": "0"}, "missing_lines": [232, 233], "excluded_lines": [], "start_line": 231}, "emit": {"executed_lines": [], "summary": {"covered_lines": 0, "num_statements": 9, "percent_covered": 0.0, "percent_covered_display": "0", "missing_lines": 9, "excluded_lines": 0, "percent_statements_covered": 0.0, "percent_statements_covered_display": "0"}, "missing_lines": [239, 240, 242, 243, 244, 245, 246, 247, 248], "excluded_lines": [], "start_line": 238}, "main": {"executed_lines": [], "summary": {"covered_lines": 0, "num_statements": 5, "percent_covered": 0.0, "percent_covered_display": "0", "missing_lines": 5, "excluded_lines": 0, "percent_statements_covered": 0.0, "percent_statements_covered_display": "0"}, "missing_lines": [252, 253, 254, 255, 267], "excluded_lines": [], "start_line": 251}, "": {"executed_lines": [4, 6, 7, 8, 9, 10, 11, 13, 14, 18, 19, 20, 22, 103, 116, 144, 164, 227, 238, 251, 270], "summary": {"covered_lines": 21, "num_statements": 22, "percent_covered": 95.45454545454545, "percent_covered_display": "95", "missing_lines": 1, "excluded_lines": 2, "percent_statements_covered": 95.45454545454545, "percent_statements_covered_display": "95"}, "missing_lines": [271], "excluded_lines": [15, 16], "start_line": 1}}, "classes": {"": {"executed_lines": [4, 6, 7, 8, 9, 10, 11, 13, 14, 18, 19, 20, 22, 103, 116, 144, 164, 227, 238, 251, 270], "summary": {"covered_lines": 21, "num_statements": 115, "percent_covered": 18.26086956521739, "percent_covered_display": "18", "missing_lines": 94, "excluded_lines": 2, "percent_statements_covered": 18.26086956521739, "percent_statements_covered_display": "18"}, "missing_lines": [104, 105, 106, 107, 113, 117, 118, 119, 120, 121, 122, 123, 125, 126, 127, 128, 129, 130, 131, 132, 133, 134, 135, 136, 137, 138, 139, 140, 141, 145, 146, 147, 148, 149, 150, 151, 152, 153, 161, 165, 166, 167, 173, 174, 183, 184, 185, 186, 187, 188, 193, 195, 196, 197, 198, 199, 200, 206, 207, 208, 209, 210, 211, 212, 216, 217, 218, 219, 220, 221, 222, 223, 224, 228, 229, 231, 232, 233, 235, 239, 240, 242, 243, 244, 245, 246, 247, 248, 252, 253, 254, 255, 267, 271], "excluded_lines": [15, 16], "start_line": 1}}}, "tools/mcp_smoke_common.py": {"executed_lines": [3, 5, 6, 7, 8, 9, 10, 11, 12, 13, 14, 16, 17, 18, 19, 20, 21, 24, 25, 27, 33, 34, 35, 38, 39, 40, 43, 46, 49, 53, 65, 71, 92, 105, 147, 155, 178, 199, 227, 236, 248, 267], "summary": {"covered_lines": 42, "num_statements": 176, "percent_covered": 23.863636363636363, "percent_covered_display": "24", "missing_lines": 134, "excluded_lines": 0, "percent_statements_covered": 23.863636363636363, "percent_statements_covered_display": "24"}, "missing_lines": [22, 36, 41, 54, 55, 56, 57, 58, 59, 60, 61, 62, 66, 72, 73, 74, 75, 77, 78, 79, 80, 81, 82, 83, 84, 85, 86, 87, 88, 89, 93, 106, 107, 108, 109, 110, 111, 112, 113, 115, 116, 117, 118, 119, 121, 122, 123, 124, 125, 126, 127, 128, 129, 130, 131, 133, 134, 135, 136, 137, 138, 139, 140, 141, 142, 143, 144, 148, 149, 150, 151, 152, 156, 157, 158, 159, 160, 161, 162, 163, 164, 165, 166, 167, 169, 170, 171, 172, 173, 174, 175, 179, 181, 182, 183, 184, 185, 187, 188, 189, 190, 191, 193, 194, 195, 196, 200, 213, 214, 215, 216, 220, 224, 228, 229, 230, 231, 232, 233, 237, 241, 242, 243, 244, 245, 255, 264, 268, 269, 270, 271, 272, 280, 287], "excluded_lines": [], "functions": {"resolve_default_mascarade_dir": {"executed_lines": [19, 20, 21, 24, 25, 27, 33, 34, 35, 38, 39, 40, 43], "summary": {"covered_lines": 13, "num_statements": 16, "percent_covered": 81.25, "percent_covered_display": "81", "missing_lines": 3, "excluded_lines": 0, "percent_statements_covered": 81.25, "percent_statements_covered_display": "81"}, "missing_lines": [22, 36, 41], "excluded_lines": [], "start_line": 18}, "_decode_env_value": {"executed_lines": [], "summary": {"covered_lines": 0, "num_statements": 9, "percent_covered": 0.0, "percent_covered_display": "0", "missing_lines": 9, "excluded_lines": 0, "percent_statements_covered": 0.0, "percent_statements_covered_display": "0"}, "missing_lines": [54, 55, 56, 57, 58, 59, 60, 61, 62], "excluded_lines": [], "start_line": 53}, "resolve_mascarade_env_file": {"executed_lines": [], "summary": {"covered_lines": 0, "num_statements": 1, "percent_covered": 0.0, "percent_covered_display": "0", "missing_lines": 1, "excluded_lines": 0, "percent_statements_covered": 0.0, "percent_statements_covered_display": "0"}, "missing_lines": [66], "excluded_lines": [], "start_line": 65}, "load_runtime_env": {"executed_lines": [], "summary": {"covered_lines": 0, "num_statements": 17, "percent_covered": 0.0, "percent_covered_display": "0", "missing_lines": 17, "excluded_lines": 0, "percent_statements_covered": 0.0, "percent_statements_covered_display": "0"}, "missing_lines": [72, 73, 74, 75, 77, 78, 79, 80, 81, 82, 83, 84, 85, 86, 87, 88, 89], "excluded_lines": [], "start_line": 71}, "spawn_server": {"executed_lines": [], "summary": {"covered_lines": 0, "num_statements": 1, "percent_covered": 0.0, "percent_covered_display": "0", "missing_lines": 1, "excluded_lines": 0, "percent_statements_covered": 0.0, "percent_statements_covered_display": "0"}, "missing_lines": [93], "excluded_lines": [], "start_line": 92}, "terminate_server": {"executed_lines": [], "summary": {"covered_lines": 0, "num_statements": 36, "percent_covered": 0.0, "percent_covered_display": "0", "missing_lines": 36, "excluded_lines": 0, "percent_statements_covered": 0.0, "percent_statements_covered_display": "0"}, "missing_lines": [106, 107, 108, 109, 110, 111, 112, 113, 115, 116, 117, 118, 119, 121, 122, 123, 124, 125, 126, 127, 128, 129, 130, 131, 133, 134, 135, 136, 137, 138, 139, 140, 141, 142, 143, 144], "excluded_lines": [], "start_line": 105}, "send_message": {"executed_lines": [], "summary": {"covered_lines": 0, "num_statements": 5, "percent_covered": 0.0, "percent_covered_display": "0", "missing_lines": 5, "excluded_lines": 0, "percent_statements_covered": 0.0, "percent_statements_covered_display": "0"}, "missing_lines": [148, 149, 150, 151, 152], "excluded_lines": [], "start_line": 147}, "_read_message_blocking": {"executed_lines": [], "summary": {"covered_lines": 0, "num_statements": 19, "percent_covered": 0.0, "percent_covered_display": "0", "missing_lines": 19, "excluded_lines": 0, "percent_statements_covered": 0.0, "percent_statements_covered_display": "0"}, "missing_lines": [156, 157, 158, 159, 160, 161, 162, 163, 164, 165, 166, 167, 169, 170, 171, 172, 173, 174, 175], "excluded_lines": [], "start_line": 155}, "read_message": {"executed_lines": [], "summary": {"covered_lines": 0, "num_statements": 11, "percent_covered": 0.0, "percent_covered_display": "0", "missing_lines": 11, "excluded_lines": 0, "percent_statements_covered": 0.0, "percent_statements_covered_display": "0"}, "missing_lines": [179, 181, 187, 188, 189, 190, 191, 193, 194, 195, 196], "excluded_lines": [], "start_line": 178}, "read_message._worker": {"executed_lines": [], "summary": {"covered_lines": 0, "num_statements": 4, "percent_covered": 0.0, "percent_covered_display": "0", "missing_lines": 4, "excluded_lines": 0, "percent_statements_covered": 0.0, "percent_statements_covered_display": "0"}, "missing_lines": [182, 183, 184, 185], "excluded_lines": [], "start_line": 181}, "initialize": {"executed_lines": [], "summary": {"covered_lines": 0, "num_statements": 7, "percent_covered": 0.0, "percent_covered_display": "0", "missing_lines": 7, "excluded_lines": 0, "percent_statements_covered": 0.0, "percent_statements_covered_display": "0"}, "missing_lines": [200, 213, 214, 215, 216, 220, 224], "excluded_lines": [], "start_line": 199}, "expect_result": {"executed_lines": [], "summary": {"covered_lines": 0, "num_statements": 6, "percent_covered": 0.0, "percent_covered_display": "0", "missing_lines": 6, "excluded_lines": 0, "percent_statements_covered": 0.0, "percent_statements_covered_display": "0"}, "missing_lines": [228, 229, 230, 231, 232, 233], "excluded_lines": [], "start_line": 227}, "list_tools": {"executed_lines": [], "summary": {"covered_lines": 0, "num_statements": 6, "percent_covered": 0.0, "percent_covered_display": "0", "missing_lines": 6, "excluded_lines": 0, "percent_statements_covered": 0.0, "percent_statements_covered_display": "0"}, "missing_lines": [237, 241, 242, 243, 244, 245], "excluded_lines": [], "start_line": 236}, "call_tool": {"executed_lines": [], "summary": {"covered_lines": 0, "num_statements": 2, "percent_covered": 0.0, "percent_covered_display": "0", "missing_lines": 2, "excluded_lines": 0, "percent_statements_covered": 0.0, "percent_statements_covered_display": "0"}, "missing_lines": [255, 264], "excluded_lines": [], "start_line": 248}, "emit_payload": {"executed_lines": [], "summary": {"covered_lines": 0, "num_statements": 7, "percent_covered": 0.0, "percent_covered_display": "0", "missing_lines": 7, "excluded_lines": 0, "percent_statements_covered": 0.0, "percent_statements_covered_display": "0"}, "missing_lines": [268, 269, 270, 271, 272, 280, 287], "excluded_lines": [], "start_line": 267}, "": {"executed_lines": [3, 5, 6, 7, 8, 9, 10, 11, 12, 13, 14, 16, 17, 18, 46, 49, 53, 65, 71, 92, 105, 147, 155, 178, 199, 227, 236, 248, 267], "summary": {"covered_lines": 29, "num_statements": 29, "percent_covered": 100.0, "percent_covered_display": "100", "missing_lines": 0, "excluded_lines": 0, "percent_statements_covered": 100.0, "percent_statements_covered_display": "100"}, "missing_lines": [], "excluded_lines": [], "start_line": 1}}, "classes": {"SmokeError": {"executed_lines": [], "summary": {"covered_lines": 0, "num_statements": 0, "percent_covered": 100.0, "percent_covered_display": "100", "missing_lines": 0, "excluded_lines": 0, "percent_statements_covered": 100.0, "percent_statements_covered_display": "100"}, "missing_lines": [], "excluded_lines": [], "start_line": 49}, "": {"executed_lines": [3, 5, 6, 7, 8, 9, 10, 11, 12, 13, 14, 16, 17, 18, 19, 20, 21, 24, 25, 27, 33, 34, 35, 38, 39, 40, 43, 46, 49, 53, 65, 71, 92, 105, 147, 155, 178, 199, 227, 236, 248, 267], "summary": {"covered_lines": 42, "num_statements": 176, "percent_covered": 23.863636363636363, "percent_covered_display": "24", "missing_lines": 134, "excluded_lines": 0, "percent_statements_covered": 23.863636363636363, "percent_statements_covered_display": "24"}, "missing_lines": [22, 36, 41, 54, 55, 56, 57, 58, 59, 60, 61, 62, 66, 72, 73, 74, 75, 77, 78, 79, 80, 81, 82, 83, 84, 85, 86, 87, 88, 89, 93, 106, 107, 108, 109, 110, 111, 112, 113, 115, 116, 117, 118, 119, 121, 122, 123, 124, 125, 126, 127, 128, 129, 130, 131, 133, 134, 135, 136, 137, 138, 139, 140, 141, 142, 143, 144, 148, 149, 150, 151, 152, 156, 157, 158, 159, 160, 161, 162, 163, 164, 165, 166, 167, 169, 170, 171, 172, 173, 174, 175, 179, 181, 182, 183, 184, 185, 187, 188, 189, 190, 191, 193, 194, 195, 196, 200, 213, 214, 215, 216, 220, 224, 228, 229, 230, 231, 232, 233, 237, 241, 242, 243, 244, 245, 255, 264, 268, 269, 270, 271, 272, 280, 287], "excluded_lines": [], "start_line": 1}}}, "tools/specs/validate_agent_catalog.py": {"executed_lines": [4, 6, 7, 8, 9, 10, 13, 14, 15, 21, 22, 30, 34, 39, 54, 70, 83, 195, 217], "summary": {"covered_lines": 19, "num_statements": 135, "percent_covered": 14.074074074074074, "percent_covered_display": "14", "missing_lines": 116, "excluded_lines": 0, "percent_statements_covered": 14.074074074074074, "percent_statements_covered_display": "14"}, "missing_lines": [31, 35, 36, 40, 41, 42, 43, 44, 55, 56, 57, 58, 59, 60, 61, 62, 63, 64, 65, 66, 67, 71, 72, 73, 77, 78, 79, 80, 84, 85, 86, 87, 88, 90, 91, 92, 93, 94, 95, 97, 98, 99, 101, 104, 105, 107, 108, 109, 111, 112, 113, 114, 115, 116, 118, 124, 125, 126, 127, 128, 129, 130, 131, 132, 133, 135, 136, 137, 138, 139, 140, 141, 142, 143, 144, 145, 146, 151, 152, 154, 155, 156, 157, 158, 159, 160, 162, 166, 167, 168, 169, 170, 171, 172, 173, 174, 175, 177, 196, 197, 198, 200, 201, 202, 204, 205, 206, 207, 208, 209, 210, 211, 212, 213, 214, 218], "excluded_lines": [], "functions": {"_load_json": {"executed_lines": [], "summary": {"covered_lines": 0, "num_statements": 1, "percent_covered": 0.0, "percent_covered_display": "0", "missing_lines": 1, "excluded_lines": 0, "percent_statements_covered": 0.0, "percent_statements_covered_display": "0"}, "missing_lines": [31], "excluded_lines": [], "start_line": 30}, "_expected_slug": {"executed_lines": [], "summary": {"covered_lines": 0, "num_statements": 2, "percent_covered": 0.0, "percent_covered_display": "0", "missing_lines": 2, "excluded_lines": 0, "percent_statements_covered": 0.0, "percent_statements_covered_display": "0"}, "missing_lines": [35, 36], "excluded_lines": [], "start_line": 34}, "_legacy_doc_patterns": {"executed_lines": [], "summary": {"covered_lines": 0, "num_statements": 5, "percent_covered": 0.0, "percent_covered_display": "0", "missing_lines": 5, "excluded_lines": 0, "percent_statements_covered": 0.0, "percent_statements_covered_display": "0"}, "missing_lines": [40, 41, 42, 43, 44], "excluded_lines": [], "start_line": 39}, "_collect_owner_agent_json": {"executed_lines": [], "summary": {"covered_lines": 0, "num_statements": 13, "percent_covered": 0.0, "percent_covered_display": "0", "missing_lines": 13, "excluded_lines": 0, "percent_statements_covered": 0.0, "percent_statements_covered_display": "0"}, "missing_lines": [55, 56, 57, 58, 59, 60, 61, 62, 63, 64, 65, 66, 67], "excluded_lines": [], "start_line": 54}, "_collect_owner_agent_text": {"executed_lines": [], "summary": {"covered_lines": 0, "num_statements": 7, "percent_covered": 0.0, "percent_covered_display": "0", "missing_lines": 7, "excluded_lines": 0, "percent_statements_covered": 0.0, "percent_statements_covered_display": "0"}, "missing_lines": [71, 72, 73, 77, 78, 79, 80], "excluded_lines": [], "start_line": 70}, "validate_agent_catalog": {"executed_lines": [], "summary": {"covered_lines": 0, "num_statements": 70, "percent_covered": 0.0, "percent_covered_display": "0", "missing_lines": 70, "excluded_lines": 0, "percent_statements_covered": 0.0, "percent_statements_covered_display": "0"}, "missing_lines": [84, 85, 86, 87, 88, 90, 91, 92, 93, 94, 95, 97, 98, 99, 101, 104, 105, 107, 108, 109, 111, 112, 113, 114, 115, 116, 118, 124, 125, 126, 127, 128, 129, 130, 131, 132, 133, 135, 136, 137, 138, 139, 140, 141, 142, 143, 144, 145, 146, 151, 152, 154, 155, 156, 157, 158, 159, 160, 162, 166, 167, 168, 169, 170, 171, 172, 173, 174, 175, 177], "excluded_lines": [], "start_line": 83}, "main": {"executed_lines": [], "summary": {"covered_lines": 0, "num_statements": 17, "percent_covered": 0.0, "percent_covered_display": "0", "missing_lines": 17, "excluded_lines": 0, "percent_statements_covered": 0.0, "percent_statements_covered_display": "0"}, "missing_lines": [196, 197, 198, 200, 201, 202, 204, 205, 206, 207, 208, 209, 210, 211, 212, 213, 214], "excluded_lines": [], "start_line": 195}, "": {"executed_lines": [4, 6, 7, 8, 9, 10, 13, 14, 15, 21, 22, 30, 34, 39, 54, 70, 83, 195, 217], "summary": {"covered_lines": 19, "num_statements": 20, "percent_covered": 95.0, "percent_covered_display": "95", "missing_lines": 1, "excluded_lines": 0, "percent_statements_covered": 95.0, "percent_statements_covered_display": "95"}, "missing_lines": [218], "excluded_lines": [], "start_line": 1}}, "classes": {"": {"executed_lines": [4, 6, 7, 8, 9, 10, 13, 14, 15, 21, 22, 30, 34, 39, 54, 70, 83, 195, 217], "summary": {"covered_lines": 19, "num_statements": 135, "percent_covered": 14.074074074074074, "percent_covered_display": "14", "missing_lines": 116, "excluded_lines": 0, "percent_statements_covered": 14.074074074074074, "percent_statements_covered_display": "14"}, "missing_lines": [31, 35, 36, 40, 41, 42, 43, 44, 55, 56, 57, 58, 59, 60, 61, 62, 63, 64, 65, 66, 67, 71, 72, 73, 77, 78, 79, 80, 84, 85, 86, 87, 88, 90, 91, 92, 93, 94, 95, 97, 98, 99, 101, 104, 105, 107, 108, 109, 111, 112, 113, 114, 115, 116, 118, 124, 125, 126, 127, 128, 129, 130, 131, 132, 133, 135, 136, 137, 138, 139, 140, 141, 142, 143, 144, 145, 146, 151, 152, 154, 155, 156, 157, 158, 159, 160, 162, 166, 167, 168, 169, 170, 171, 172, 173, 174, 175, 177, 196, 197, 198, 200, 201, 202, 204, 205, 206, 207, 208, 209, 210, 211, 212, 213, 214, 218], "excluded_lines": [], "start_line": 1}}}}, "totals": {"covered_lines": 1058, "num_statements": 4832, "percent_covered": 21.89569536423841, "percent_covered_display": "22", "missing_lines": 3774, "excluded_lines": 5, "percent_statements_covered": 21.89569536423841, "percent_statements_covered_display": "22"}}